#
# There is insufficient memory for the Java Runtime Environment to continue.
# Native memory allocation (malloc) failed to allocate 161456 bytes for Chunk::new
# Possible reasons:
#   The system is out of physical RAM or swap space
#   The process is running with CompressedOops enabled, and the Java Heap may be blocking the growth of the native heap
# Possible solutions:
#   Reduce memory load on the system
#   Increase physical memory or swap space
#   Check if swap backing store is full
#   Decrease Java heap size (-Xmx/-Xms)
#   Decrease number of Java threads
#   Decrease Java thread stack sizes (-Xss)
#   Set larger code cache with -XX:ReservedCodeCacheSize=
#   JVM is running with Unscaled Compressed Oops mode in which the Java heap is
#     placed in the first 4GB address space. The Java Heap base address is the
#     maximum limit for the native heap growth. Please use -XX:HeapBaseMinAddress
#     to set the Java Heap base and to place the Java Heap above 4GB virtual address.
# This output file may be truncated or incomplete.
#
#  Out of Memory Error (./src/hotspot/share/memory/arena.cpp:197), pid=11588, tid=10872
#
# JRE version: OpenJDK Runtime Environment (11.0.13) (build 11.0.13+0-b1751.21-8125866)
# Java VM: OpenJDK 64-Bit Server VM (11.0.13+0-b1751.21-8125866, mixed mode, tiered, compressed oops, g1 gc, windows-amd64)
# No core dump will be written. Minidumps are not enabled by default on client versions of Windows
#

---------------  S U M M A R Y ------------

Command Line: --add-opens=java.base/java.util=ALL-UNNAMED --add-opens=java.base/java.lang=ALL-UNNAMED --add-opens=java.base/java.lang.invoke=ALL-UNNAMED --add-opens=java.base/java.util=ALL-UNNAMED --add-opens=java.prefs/java.util.prefs=ALL-UNNAMED --add-opens=java.prefs/java.util.prefs=ALL-UNNAMED --add-opens=java.base/java.nio.charset=ALL-UNNAMED --add-opens=java.base/java.net=ALL-UNNAMED --add-opens=java.base/java.util.concurrent.atomic=ALL-UNNAMED -Xmx2048m -Dfile.encoding=UTF-8 -Duser.country=US -Duser.language=en -Duser.variant org.gradle.launcher.daemon.bootstrap.GradleDaemon 7.4

Host: Intel(R) Core(TM) i5-6300U CPU @ 2.40GHz, 4 cores, 7G,  Windows 10 , 64 bit Build 19041 (10.0.19041.2364)
Time: Sun Feb  5 22:20:07 2023 Pakistan Standard Time elapsed time: 21.716694 seconds (0d 0h 0m 21s)

---------------  T H R E A D  ---------------

Current thread (0x000002307e136000):  JavaThread "C2 CompilerThread1" daemon [_thread_in_native, id=10872, stack(0x000000327fc00000,0x000000327fd00000)]


Current CompileTask:
C2:  21716 7586       4       org.gradle.internal.reflect.MethodSet::add (50 bytes)

Stack: [0x000000327fc00000,0x000000327fd00000]
Native frames: (J=compiled Java code, j=interpreted, Vv=VM code, C=native code)
V  [jvm.dll+0x6100fa]
V  [jvm.dll+0x747090]
V  [jvm.dll+0x7486ad]
V  [jvm.dll+0x748d83]
V  [jvm.dll+0x24ab48]
V  [jvm.dll+0xc04dc]
V  [jvm.dll+0xc0a0c]
V  [jvm.dll+0x508340]
V  [jvm.dll+0x32b862]
V  [jvm.dll+0x32ad2a]
V  [jvm.dll+0x2032b2]
V  [jvm.dll+0x202437]
V  [jvm.dll+0x188e01]
V  [jvm.dll+0x21106b]
V  [jvm.dll+0x20f8c1]
V  [jvm.dll+0x70de0f]
V  [jvm.dll+0x706a75]
V  [jvm.dll+0x60ed66]
C  [ucrtbase.dll+0x21bb2]
C  [KERNEL32.DLL+0x17614]
C  [ntdll.dll+0x526a1]


---------------  P R O C E S S  ---------------

Threads class SMR info:
_java_thread_list=0x0000023000e484e0, length=79, elements={
0x000002305fd3c800, 0x0000023079940000, 0x0000023079944000, 0x000002307a2d3800,
0x000002307995f000, 0x0000023079961000, 0x0000023079964800, 0x0000023079970000,
0x0000023079974000, 0x000002307a40f000, 0x000002307c258000, 0x000002307c257800,
0x000002307c256800, 0x000002307c25a000, 0x000002307c255800, 0x000002307c25b800,
0x000002307c259000, 0x000002307c25a800, 0x000002307c25c800, 0x000002307c6c4000,
0x000002307c6c5800, 0x000002307c6c8000, 0x000002307c6c7000, 0x000002307c6c6800,
0x000002307c6c5000, 0x000002307c6c3000, 0x000002307c6c2800, 0x000002307c6c9800,
0x000002307c6cd000, 0x000002307c6cb800, 0x000002307c6ce800, 0x000002307c6cc000,
0x000002307c6c9000, 0x000002307c6d0000, 0x000002307c6ce000, 0x000002307c6d1000,
0x000002307c6cf800, 0x000002307aa0f000, 0x000002307aa10800, 0x000002307aa12000,
0x000002307aa11800, 0x000002307aa13000, 0x000002307aa0d000, 0x000002307aa13800,
0x000002307aa0e000, 0x000002307aa14800, 0x000002307aa15800, 0x000002307aa0f800,
0x000002307aa1a800, 0x000002307aa1b000, 0x000002307aa19800, 0x000002307aa17000,
0x000002307aa18000, 0x000002307aa1c000, 0x000002307aa16000, 0x000002307aa18800,
0x000002307b4a4000, 0x000002307b4a2800, 0x000002307b4a3000, 0x000002307b4a4800,
0x000002307b4a5800, 0x000002307b4a6800, 0x000002307b4a0800, 0x000002307b4a7000,
0x000002307b4a1800, 0x000002307b4a9000, 0x000002307b4a9800, 0x000002307b4aa800,
0x000002307b4ac000, 0x000002307b4ab000, 0x000002307b4ad000, 0x000002307b4ad800,
0x000002307b4a8000, 0x000002307b4ae800, 0x000002307b4af800, 0x000002307b1d7000,
0x000002307b1d7800, 0x000002307b1d4800, 0x000002307e136000
}

Java Threads: ( => current thread )
  0x000002305fd3c800 JavaThread "main" [_thread_blocked, id=14328, stack(0x000000327a500000,0x000000327a600000)]
  0x0000023079940000 JavaThread "Reference Handler" daemon [_thread_blocked, id=5876, stack(0x000000327ac00000,0x000000327ad00000)]
  0x0000023079944000 JavaThread "Finalizer" daemon [_thread_blocked, id=7084, stack(0x000000327ad00000,0x000000327ae00000)]
  0x000002307a2d3800 JavaThread "Signal Dispatcher" daemon [_thread_blocked, id=4648, stack(0x000000327af00000,0x000000327b000000)]
  0x000002307995f000 JavaThread "Attach Listener" daemon [_thread_blocked, id=2232, stack(0x000000327b000000,0x000000327b100000)]
  0x0000023079961000 JavaThread "Service Thread" daemon [_thread_blocked, id=15128, stack(0x000000327b100000,0x000000327b200000)]
  0x0000023079964800 JavaThread "C2 CompilerThread0" daemon [_thread_in_native, id=14800, stack(0x000000327b200000,0x000000327b300000)]
  0x0000023079970000 JavaThread "C1 CompilerThread0" daemon [_thread_in_native, id=2032, stack(0x000000327b300000,0x000000327b400000)]
  0x0000023079974000 JavaThread "Sweeper thread" daemon [_thread_blocked, id=3428, stack(0x000000327b400000,0x000000327b500000)]
  0x000002307a40f000 JavaThread "Common-Cleaner" daemon [_thread_blocked, id=13212, stack(0x000000327b500000,0x000000327b600000)]
  0x000002307c258000 JavaThread "Daemon health stats" [_thread_blocked, id=4400, stack(0x000000327ba00000,0x000000327bb00000)]
  0x000002307c257800 JavaThread "Incoming local TCP Connector on port 3007" [_thread_in_native, id=9272, stack(0x000000327b700000,0x000000327b800000)]
  0x000002307c256800 JavaThread "Daemon periodic checks" [_thread_blocked, id=8800, stack(0x000000327bb00000,0x000000327bc00000)]
  0x000002307c25a000 JavaThread "Daemon" [_thread_blocked, id=16684, stack(0x000000327bc00000,0x000000327bd00000)]
  0x000002307c255800 JavaThread "Handler for socket connection from /127.0.0.1:3007 to /127.0.0.1:3008" [_thread_in_native, id=11892, stack(0x000000327bd00000,0x000000327be00000)]
  0x000002307c25b800 JavaThread "Cancel handler" [_thread_blocked, id=16956, stack(0x000000327be00000,0x000000327bf00000)]
  0x000002307c259000 JavaThread "Daemon worker" [_thread_in_vm, id=5544, stack(0x000000327bf00000,0x000000327c000000)]
  0x000002307c25a800 JavaThread "Asynchronous log dispatcher for DefaultDaemonConnection: socket connection from /127.0.0.1:3007 to /127.0.0.1:3008" [_thread_blocked, id=6832, stack(0x000000327c000000,0x000000327c100000)]
  0x000002307c25c800 JavaThread "Stdin handler" [_thread_blocked, id=14776, stack(0x000000327c100000,0x000000327c200000)]
  0x000002307c6c4000 JavaThread "Daemon client event forwarder" [_thread_blocked, id=6988, stack(0x000000327c200000,0x000000327c300000)]
  0x000002307c6c5800 JavaThread "Cache worker for journal cache (C:\Users\PC\.gradle\caches\journal-1)" [_thread_blocked, id=7836, stack(0x000000327c400000,0x000000327c500000)]
  0x000002307c6c8000 JavaThread "File lock request listener" [_thread_in_native, id=17072, stack(0x000000327c500000,0x000000327c600000)]
  0x000002307c6c7000 JavaThread "Cache worker for file hash cache (C:\Users\PC\.gradle\caches\7.4\fileHashes)" [_thread_blocked, id=9516, stack(0x000000327c600000,0x000000327c700000)]
  0x000002307c6c6800 JavaThread "File watcher server" daemon [_thread_in_native, id=824, stack(0x000000327c800000,0x000000327c900000)]
  0x000002307c6c5000 JavaThread "File watcher consumer" daemon [_thread_blocked, id=16564, stack(0x000000327c900000,0x000000327ca00000)]
  0x000002307c6c3000 JavaThread "Cache worker for checksums cache (E:\Programs\MC\MadrissaSabak\.gradle\7.4\checksums)" [_thread_blocked, id=5572, stack(0x000000327ca00000,0x000000327cb00000)]
  0x000002307c6c2800 JavaThread "Cache worker for cache directory md-rule (C:\Users\PC\.gradle\caches\7.4\md-rule)" [_thread_blocked, id=6968, stack(0x000000327cb00000,0x000000327cc00000)]
  0x000002307c6c9800 JavaThread "Cache worker for file hash cache (E:\Programs\MC\MadrissaSabak\.gradle\7.4\fileHashes)" [_thread_blocked, id=2404, stack(0x000000327cc00000,0x000000327cd00000)]
  0x000002307c6cd000 JavaThread "Cache worker for cache directory md-supplier (C:\Users\PC\.gradle\caches\7.4\md-supplier)" [_thread_blocked, id=16500, stack(0x000000327cd00000,0x000000327ce00000)]
  0x000002307c6cb800 JavaThread "Cache worker for execution history cache (C:\Users\PC\.gradle\caches\7.4\executionHistory)" [_thread_blocked, id=15408, stack(0x000000327ce00000,0x000000327cf00000)]
  0x000002307c6ce800 JavaThread "jar transforms" [_thread_blocked, id=2516, stack(0x000000327cf00000,0x000000327d000000)]
  0x000002307c6cc000 JavaThread "Cache worker for file content cache (C:\Users\PC\.gradle\caches\7.4\fileContent)" [_thread_blocked, id=15676, stack(0x000000327d000000,0x000000327d100000)]
  0x000002307c6c9000 JavaThread "jar transforms Thread 2" [_thread_blocked, id=1856, stack(0x000000327d100000,0x000000327d200000)]
  0x000002307c6d0000 JavaThread "Cache worker for dependencies-accessors (E:\Programs\MC\MadrissaSabak\.gradle\7.4\dependencies-accessors)" [_thread_blocked, id=12320, stack(0x000000327d200000,0x000000327d300000)]
  0x000002307c6ce000 JavaThread "jar transforms Thread 3" [_thread_blocked, id=9624, stack(0x000000327d300000,0x000000327d400000)]
  0x000002307c6d1000 JavaThread "Cache worker for Build Output Cleanup Cache (E:\Programs\MC\MadrissaSabak\.gradle\buildOutputCleanup)" [_thread_blocked, id=10000, stack(0x000000327d400000,0x000000327d500000)]
  0x000002307c6cf800 JavaThread "Unconstrained build operations" [_thread_blocked, id=13456, stack(0x000000327c700000,0x000000327c800000)]
  0x000002307aa0f000 JavaThread "Unconstrained build operations Thread 2" [_thread_blocked, id=10644, stack(0x000000327d500000,0x000000327d600000)]
  0x000002307aa10800 JavaThread "Unconstrained build operations Thread 3" [_thread_blocked, id=11432, stack(0x000000327d600000,0x000000327d700000)]
  0x000002307aa12000 JavaThread "Unconstrained build operations Thread 4" [_thread_blocked, id=17160, stack(0x000000327d700000,0x000000327d800000)]
  0x000002307aa11800 JavaThread "Unconstrained build operations Thread 5" [_thread_blocked, id=6608, stack(0x000000327d800000,0x000000327d900000)]
  0x000002307aa13000 JavaThread "Unconstrained build operations Thread 6" [_thread_blocked, id=16176, stack(0x000000327d900000,0x000000327da00000)]
  0x000002307aa0d000 JavaThread "Unconstrained build operations Thread 7" [_thread_blocked, id=8564, stack(0x000000327da00000,0x000000327db00000)]
  0x000002307aa13800 JavaThread "Unconstrained build operations Thread 8" [_thread_blocked, id=13616, stack(0x000000327db00000,0x000000327dc00000)]
  0x000002307aa0e000 JavaThread "Unconstrained build operations Thread 9" [_thread_blocked, id=8960, stack(0x000000327dc00000,0x000000327dd00000)]
  0x000002307aa14800 JavaThread "Unconstrained build operations Thread 10" [_thread_blocked, id=16304, stack(0x000000327dd00000,0x000000327de00000)]
  0x000002307aa15800 JavaThread "Unconstrained build operations Thread 11" [_thread_blocked, id=14516, stack(0x000000327de00000,0x000000327df00000)]
  0x000002307aa0f800 JavaThread "Unconstrained build operations Thread 12" [_thread_blocked, id=11788, stack(0x000000327df00000,0x000000327e000000)]
  0x000002307aa1a800 JavaThread "Unconstrained build operations Thread 13" [_thread_blocked, id=9280, stack(0x000000327e000000,0x000000327e100000)]
  0x000002307aa1b000 JavaThread "Unconstrained build operations Thread 14" [_thread_blocked, id=10976, stack(0x000000327e100000,0x000000327e200000)]
  0x000002307aa19800 JavaThread "Unconstrained build operations Thread 15" [_thread_blocked, id=4248, stack(0x000000327e200000,0x000000327e300000)]
  0x000002307aa17000 JavaThread "Unconstrained build operations Thread 16" [_thread_blocked, id=17308, stack(0x000000327e300000,0x000000327e400000)]
  0x000002307aa18000 JavaThread "Unconstrained build operations Thread 17" [_thread_blocked, id=14872, stack(0x000000327e400000,0x000000327e500000)]
  0x000002307aa1c000 JavaThread "Unconstrained build operations Thread 18" [_thread_blocked, id=15928, stack(0x000000327e500000,0x000000327e600000)]
  0x000002307aa16000 JavaThread "Unconstrained build operations Thread 19" [_thread_blocked, id=8980, stack(0x000000327e600000,0x000000327e700000)]
  0x000002307aa18800 JavaThread "Unconstrained build operations Thread 20" [_thread_blocked, id=17256, stack(0x000000327e700000,0x000000327e800000)]
  0x000002307b4a4000 JavaThread "Unconstrained build operations Thread 21" [_thread_blocked, id=9484, stack(0x000000327e800000,0x000000327e900000)]
  0x000002307b4a2800 JavaThread "Unconstrained build operations Thread 22" [_thread_blocked, id=16032, stack(0x000000327e900000,0x000000327ea00000)]
  0x000002307b4a3000 JavaThread "Unconstrained build operations Thread 23" [_thread_blocked, id=13384, stack(0x000000327ea00000,0x000000327eb00000)]
  0x000002307b4a4800 JavaThread "Unconstrained build operations Thread 24" [_thread_blocked, id=1872, stack(0x000000327eb00000,0x000000327ec00000)]
  0x000002307b4a5800 JavaThread "Unconstrained build operations Thread 25" [_thread_blocked, id=16432, stack(0x000000327ec00000,0x000000327ed00000)]
  0x000002307b4a6800 JavaThread "Unconstrained build operations Thread 26" [_thread_blocked, id=4284, stack(0x000000327ed00000,0x000000327ee00000)]
  0x000002307b4a0800 JavaThread "Unconstrained build operations Thread 27" [_thread_blocked, id=16536, stack(0x000000327ee00000,0x000000327ef00000)]
  0x000002307b4a7000 JavaThread "Unconstrained build operations Thread 28" [_thread_blocked, id=1056, stack(0x000000327ef00000,0x000000327f000000)]
  0x000002307b4a1800 JavaThread "Unconstrained build operations Thread 29" [_thread_blocked, id=6820, stack(0x000000327f000000,0x000000327f100000)]
  0x000002307b4a9000 JavaThread "Unconstrained build operations Thread 30" [_thread_blocked, id=9768, stack(0x000000327f100000,0x000000327f200000)]
  0x000002307b4a9800 JavaThread "Unconstrained build operations Thread 31" [_thread_blocked, id=472, stack(0x000000327f200000,0x000000327f300000)]
  0x000002307b4aa800 JavaThread "Unconstrained build operations Thread 32" [_thread_blocked, id=8228, stack(0x000000327f300000,0x000000327f400000)]
  0x000002307b4ac000 JavaThread "Unconstrained build operations Thread 33" [_thread_blocked, id=2180, stack(0x000000327f400000,0x000000327f500000)]
  0x000002307b4ab000 JavaThread "Unconstrained build operations Thread 34" [_thread_blocked, id=15432, stack(0x000000327f500000,0x000000327f600000)]
  0x000002307b4ad000 JavaThread "Unconstrained build operations Thread 35" [_thread_blocked, id=1228, stack(0x000000327f600000,0x000000327f700000)]
  0x000002307b4ad800 JavaThread "Unconstrained build operations Thread 36" [_thread_blocked, id=7844, stack(0x000000327f700000,0x000000327f800000)]
  0x000002307b4a8000 JavaThread "Unconstrained build operations Thread 37" [_thread_blocked, id=8316, stack(0x000000327f800000,0x000000327f900000)]
  0x000002307b4ae800 JavaThread "Unconstrained build operations Thread 38" [_thread_blocked, id=17328, stack(0x000000327f900000,0x000000327fa00000)]
  0x000002307b4af800 JavaThread "Unconstrained build operations Thread 39" [_thread_blocked, id=10228, stack(0x000000327fa00000,0x000000327fb00000)]
  0x000002307b1d7000 JavaThread "Unconstrained build operations Thread 40" [_thread_blocked, id=14848, stack(0x000000327fb00000,0x000000327fc00000)]
  0x000002307b1d7800 JavaThread "jar transforms Thread 4" [_thread_blocked, id=5012, stack(0x000000327fd00000,0x000000327fe00000)]
  0x000002307b1d4800 JavaThread "Memory manager" [_thread_blocked, id=14488, stack(0x000000327fe00000,0x000000327ff00000)]
=>0x000002307e136000 JavaThread "C2 CompilerThread1" daemon [_thread_in_native, id=10872, stack(0x000000327fc00000,0x000000327fd00000)]

Other Threads:
  0x000002307993a800 VMThread "VM Thread" [stack: 0x000000327ab00000,0x000000327ac00000] [id=14548]
  0x000002307a442000 WatcherThread [stack: 0x000000327b600000,0x000000327b700000] [id=14424]
  0x000002305fd54000 GCTaskThread "GC Thread#0" [stack: 0x000000327a600000,0x000000327a700000] [id=10484]
  0x000002307a979000 GCTaskThread "GC Thread#1" [stack: 0x000000327b800000,0x000000327b900000] [id=12732]
  0x000002307a960000 GCTaskThread "GC Thread#2" [stack: 0x000000327b900000,0x000000327ba00000] [id=16104]
  0x000002307d024800 GCTaskThread "GC Thread#3" [stack: 0x000000327c300000,0x000000327c400000] [id=13500]
  0x000002305fd86800 ConcurrentGCThread "G1 Main Marker" [stack: 0x000000327a700000,0x000000327a800000] [id=1448]
  0x000002305fd87800 ConcurrentGCThread "G1 Conc#0" [stack: 0x000000327a800000,0x000000327a900000] [id=16912]
  0x000002305fe17800 ConcurrentGCThread "G1 Refine#0" [stack: 0x000000327a900000,0x000000327aa00000] [id=8920]
  0x000002305fe18800 ConcurrentGCThread "G1 Young RemSet Sampling" [stack: 0x000000327aa00000,0x000000327ab00000] [id=11256]

Threads with active compile tasks:
C2 CompilerThread0  21764 7587       4       org.gradle.internal.reflect.MutablePropertyDetails::addGetter (9 bytes)
C1 CompilerThread0  21764 7674       3       com.google.common.collect.RegularImmutableMap$Values::size (8 bytes)
C2 CompilerThread1  21764 7586       4       org.gradle.internal.reflect.MethodSet::add (50 bytes)

VM state:not at safepoint (normal execution)

VM Mutex/Monitor currently owned by a thread: None

Heap address: 0x0000000080000000, size: 2048 MB, Compressed Oops mode: 32-bit
Narrow klass base: 0x0000000000000000, Narrow klass shift: 3
Compressed class space size: 1073741824 Address: 0x0000000100000000

Heap:
 garbage-first heap   total 199680K, used 125182K [0x0000000080000000, 0x0000000100000000)
  region size 1024K, 73 young (74752K), 6 survivors (6144K)
 Metaspace       used 78689K, capacity 80446K, committed 80704K, reserved 1120256K
  class space    used 10207K, capacity 10895K, committed 11008K, reserved 1048576K
Heap Regions: E=young(eden), S=young(survivor), O=old, HS=humongous(starts), HC=humongous(continues), CS=collection set, F=free, A=archive, TAMS=top-at-mark-start (previous, next)
|   0|0x0000000080000000, 0x0000000080100000, 0x0000000080100000|100%|HS|  |TAMS 0x0000000080100000, 0x0000000080000000| Complete 
|   1|0x0000000080100000, 0x0000000080200000, 0x0000000080200000|100%|HC|  |TAMS 0x0000000080200000, 0x0000000080100000| Complete 
|   2|0x0000000080200000, 0x0000000080300000, 0x0000000080300000|100%|HC|  |TAMS 0x0000000080300000, 0x0000000080200000| Complete 
|   3|0x0000000080300000, 0x0000000080400000, 0x0000000080400000|100%| O|  |TAMS 0x0000000080400000, 0x0000000080300000| Untracked 
|   4|0x0000000080400000, 0x0000000080500000, 0x0000000080500000|100%| O|  |TAMS 0x0000000080500000, 0x0000000080400000| Untracked 
|   5|0x0000000080500000, 0x0000000080600000, 0x0000000080600000|100%| O|  |TAMS 0x0000000080600000, 0x0000000080500000| Untracked 
|   6|0x0000000080600000, 0x0000000080700000, 0x0000000080700000|100%| O|  |TAMS 0x0000000080700000, 0x0000000080600000| Untracked 
|   7|0x0000000080700000, 0x0000000080800000, 0x0000000080800000|100%| O|  |TAMS 0x0000000080800000, 0x0000000080700000| Untracked 
|   8|0x0000000080800000, 0x0000000080900000, 0x0000000080900000|100%| O|  |TAMS 0x0000000080900000, 0x0000000080800000| Untracked 
|   9|0x0000000080900000, 0x0000000080a00000, 0x0000000080a00000|100%| O|  |TAMS 0x0000000080a00000, 0x0000000080900000| Untracked 
|  10|0x0000000080a00000, 0x0000000080b00000, 0x0000000080b00000|100%| O|  |TAMS 0x0000000080b00000, 0x0000000080a00000| Untracked 
|  11|0x0000000080b00000, 0x0000000080c00000, 0x0000000080c00000|100%| O|  |TAMS 0x0000000080c00000, 0x0000000080b00000| Untracked 
|  12|0x0000000080c00000, 0x0000000080d00000, 0x0000000080d00000|100%| O|  |TAMS 0x0000000080d00000, 0x0000000080c00000| Untracked 
|  13|0x0000000080d00000, 0x0000000080e00000, 0x0000000080e00000|100%| O|  |TAMS 0x0000000080e00000, 0x0000000080d00000| Untracked 
|  14|0x0000000080e00000, 0x0000000080f00000, 0x0000000080f00000|100%| O|  |TAMS 0x0000000080f00000, 0x0000000080e00000| Untracked 
|  15|0x0000000080f00000, 0x0000000081000000, 0x0000000081000000|100%| O|  |TAMS 0x0000000081000000, 0x0000000080f00000| Untracked 
|  16|0x0000000081000000, 0x0000000081100000, 0x0000000081100000|100%|HS|  |TAMS 0x0000000081100000, 0x0000000081000000| Complete 
|  17|0x0000000081100000, 0x0000000081200000, 0x0000000081200000|100%|HS|  |TAMS 0x0000000081200000, 0x0000000081100000| Complete 
|  18|0x0000000081200000, 0x0000000081300000, 0x0000000081300000|100%| O|  |TAMS 0x0000000081300000, 0x0000000081200000| Untracked 
|  19|0x0000000081300000, 0x0000000081400000, 0x0000000081400000|100%|HS|  |TAMS 0x0000000081400000, 0x0000000081300000| Complete 
|  20|0x0000000081400000, 0x0000000081500000, 0x0000000081500000|100%|HC|  |TAMS 0x0000000081500000, 0x0000000081400000| Complete 
|  21|0x0000000081500000, 0x0000000081600000, 0x0000000081600000|100%| O|  |TAMS 0x0000000081600000, 0x0000000081500000| Untracked 
|  22|0x0000000081600000, 0x0000000081700000, 0x0000000081700000|100%| O|  |TAMS 0x0000000081700000, 0x0000000081600000| Untracked 
|  23|0x0000000081700000, 0x0000000081800000, 0x0000000081800000|100%| O|  |TAMS 0x0000000081800000, 0x0000000081700000| Untracked 
|  24|0x0000000081800000, 0x0000000081900000, 0x0000000081900000|100%| O|  |TAMS 0x0000000081900000, 0x0000000081800000| Untracked 
|  25|0x0000000081900000, 0x0000000081a00000, 0x0000000081a00000|100%| O|  |TAMS 0x0000000081a00000, 0x0000000081900000| Untracked 
|  26|0x0000000081a00000, 0x0000000081b00000, 0x0000000081b00000|100%| O|  |TAMS 0x0000000081b00000, 0x0000000081a00000| Untracked 
|  27|0x0000000081b00000, 0x0000000081c00000, 0x0000000081c00000|100%| O|  |TAMS 0x0000000081c00000, 0x0000000081b00000| Untracked 
|  28|0x0000000081c00000, 0x0000000081d00000, 0x0000000081d00000|100%| O|  |TAMS 0x0000000081d00000, 0x0000000081c00000| Untracked 
|  29|0x0000000081d00000, 0x0000000081e00000, 0x0000000081e00000|100%| O|  |TAMS 0x0000000081e00000, 0x0000000081d00000| Untracked 
|  30|0x0000000081e00000, 0x0000000081f00000, 0x0000000081f00000|100%| O|  |TAMS 0x0000000081f00000, 0x0000000081e00000| Untracked 
|  31|0x0000000081f00000, 0x0000000082000000, 0x0000000082000000|100%| O|  |TAMS 0x0000000082000000, 0x0000000081f00000| Untracked 
|  32|0x0000000082000000, 0x0000000082100000, 0x0000000082100000|100%| O|  |TAMS 0x0000000082100000, 0x0000000082000000| Untracked 
|  33|0x0000000082100000, 0x0000000082200000, 0x0000000082200000|100%| O|  |TAMS 0x0000000082200000, 0x0000000082100000| Untracked 
|  34|0x0000000082200000, 0x0000000082300000, 0x0000000082300000|100%| O|  |TAMS 0x0000000082300000, 0x0000000082200000| Untracked 
|  35|0x0000000082300000, 0x0000000082400000, 0x0000000082400000|100%| O|  |TAMS 0x0000000082400000, 0x0000000082300000| Untracked 
|  36|0x0000000082400000, 0x0000000082500000, 0x0000000082500000|100%| O|  |TAMS 0x0000000082500000, 0x0000000082400000| Untracked 
|  37|0x0000000082500000, 0x0000000082600000, 0x0000000082600000|100%| O|  |TAMS 0x0000000082600000, 0x0000000082500000| Untracked 
|  38|0x0000000082600000, 0x0000000082700000, 0x0000000082700000|100%| O|  |TAMS 0x0000000082700000, 0x0000000082600000| Untracked 
|  39|0x0000000082700000, 0x0000000082800000, 0x0000000082800000|100%| O|  |TAMS 0x0000000082800000, 0x0000000082700000| Untracked 
|  40|0x0000000082800000, 0x0000000082900000, 0x0000000082900000|100%| O|  |TAMS 0x0000000082900000, 0x0000000082800000| Untracked 
|  41|0x0000000082900000, 0x0000000082a00000, 0x0000000082a00000|100%| O|  |TAMS 0x0000000082972200, 0x0000000082900000| Untracked 
|  42|0x0000000082a00000, 0x0000000082b00000, 0x0000000082b00000|100%| O|  |TAMS 0x0000000082a00000, 0x0000000082a00000| Untracked 
|  43|0x0000000082b00000, 0x0000000082c00000, 0x0000000082c00000|100%| O|  |TAMS 0x0000000082b00000, 0x0000000082b00000| Untracked 
|  44|0x0000000082c00000, 0x0000000082d00000, 0x0000000082d00000|100%| O|  |TAMS 0x0000000082c00000, 0x0000000082c00000| Untracked 
|  45|0x0000000082d00000, 0x0000000082e00000, 0x0000000082e00000|100%| O|  |TAMS 0x0000000082d00000, 0x0000000082d00000| Untracked 
|  46|0x0000000082e00000, 0x0000000082f00000, 0x0000000082f00000|100%| O|  |TAMS 0x0000000082e00000, 0x0000000082e00000| Untracked 
|  47|0x0000000082f00000, 0x0000000083000000, 0x0000000083000000|100%| O|  |TAMS 0x0000000082f00000, 0x0000000082f00000| Untracked 
|  48|0x0000000083000000, 0x0000000083100000, 0x0000000083100000|100%| O|  |TAMS 0x0000000083000000, 0x0000000083000000| Untracked 
|  49|0x0000000083100000, 0x0000000083200000, 0x0000000083200000|100%| O|  |TAMS 0x0000000083100000, 0x0000000083100000| Untracked 
|  50|0x0000000083200000, 0x0000000083278200, 0x0000000083300000| 46%| O|  |TAMS 0x0000000083200000, 0x0000000083200000| Untracked 
|  51|0x0000000083300000, 0x0000000083300000, 0x0000000083400000|  0%| F|  |TAMS 0x0000000083300000, 0x0000000083300000| Untracked 
|  52|0x0000000083400000, 0x0000000083400000, 0x0000000083500000|  0%| F|  |TAMS 0x0000000083400000, 0x0000000083400000| Untracked 
|  53|0x0000000083500000, 0x0000000083500000, 0x0000000083600000|  0%| F|  |TAMS 0x0000000083500000, 0x0000000083500000| Untracked 
|  54|0x0000000083600000, 0x0000000083600000, 0x0000000083700000|  0%| F|  |TAMS 0x0000000083600000, 0x0000000083600000| Untracked 
|  55|0x0000000083700000, 0x0000000083700000, 0x0000000083800000|  0%| F|  |TAMS 0x0000000083700000, 0x0000000083700000| Untracked 
|  56|0x0000000083800000, 0x0000000083800000, 0x0000000083900000|  0%| F|  |TAMS 0x0000000083800000, 0x0000000083800000| Untracked 
|  57|0x0000000083900000, 0x0000000083900000, 0x0000000083a00000|  0%| F|  |TAMS 0x0000000083900000, 0x0000000083900000| Untracked 
|  58|0x0000000083a00000, 0x0000000083a00000, 0x0000000083b00000|  0%| F|  |TAMS 0x0000000083a00000, 0x0000000083a00000| Untracked 
|  59|0x0000000083b00000, 0x0000000083b00000, 0x0000000083c00000|  0%| F|  |TAMS 0x0000000083b00000, 0x0000000083b00000| Untracked 
|  60|0x0000000083c00000, 0x0000000083c00000, 0x0000000083d00000|  0%| F|  |TAMS 0x0000000083c00000, 0x0000000083c00000| Untracked 
|  61|0x0000000083d00000, 0x0000000083d00000, 0x0000000083e00000|  0%| F|  |TAMS 0x0000000083d00000, 0x0000000083d00000| Untracked 
|  62|0x0000000083e00000, 0x0000000083e00000, 0x0000000083f00000|  0%| F|  |TAMS 0x0000000083e00000, 0x0000000083e00000| Untracked 
|  63|0x0000000083f00000, 0x0000000083f00000, 0x0000000084000000|  0%| F|  |TAMS 0x0000000083f00000, 0x0000000083f00000| Untracked 
|  64|0x0000000084000000, 0x0000000084000000, 0x0000000084100000|  0%| F|  |TAMS 0x0000000084000000, 0x0000000084000000| Untracked 
|  65|0x0000000084100000, 0x0000000084100000, 0x0000000084200000|  0%| F|  |TAMS 0x0000000084100000, 0x0000000084100000| Untracked 
|  66|0x0000000084200000, 0x0000000084200000, 0x0000000084300000|  0%| F|  |TAMS 0x0000000084200000, 0x0000000084200000| Untracked 
|  67|0x0000000084300000, 0x0000000084300000, 0x0000000084400000|  0%| F|  |TAMS 0x0000000084300000, 0x0000000084300000| Untracked 
|  68|0x0000000084400000, 0x0000000084400000, 0x0000000084500000|  0%| F|  |TAMS 0x0000000084400000, 0x0000000084400000| Untracked 
|  69|0x0000000084500000, 0x0000000084500000, 0x0000000084600000|  0%| F|  |TAMS 0x0000000084500000, 0x0000000084500000| Untracked 
|  70|0x0000000084600000, 0x0000000084600000, 0x0000000084700000|  0%| F|  |TAMS 0x0000000084600000, 0x0000000084600000| Untracked 
|  71|0x0000000084700000, 0x0000000084700000, 0x0000000084800000|  0%| F|  |TAMS 0x0000000084700000, 0x0000000084700000| Untracked 
|  72|0x0000000084800000, 0x0000000084800000, 0x0000000084900000|  0%| F|  |TAMS 0x0000000084800000, 0x0000000084800000| Untracked 
|  73|0x0000000084900000, 0x0000000084900000, 0x0000000084a00000|  0%| F|  |TAMS 0x0000000084900000, 0x0000000084900000| Untracked 
|  74|0x0000000084a00000, 0x0000000084a00000, 0x0000000084b00000|  0%| F|  |TAMS 0x0000000084a00000, 0x0000000084a00000| Untracked 
|  75|0x0000000084b00000, 0x0000000084b00000, 0x0000000084c00000|  0%| F|  |TAMS 0x0000000084b00000, 0x0000000084b00000| Untracked 
|  76|0x0000000084c00000, 0x0000000084c00000, 0x0000000084d00000|  0%| F|  |TAMS 0x0000000084c00000, 0x0000000084c00000| Untracked 
|  77|0x0000000084d00000, 0x0000000084d00000, 0x0000000084e00000|  0%| F|  |TAMS 0x0000000084d00000, 0x0000000084d00000| Untracked 
|  78|0x0000000084e00000, 0x0000000084e00000, 0x0000000084f00000|  0%| F|  |TAMS 0x0000000084e00000, 0x0000000084e00000| Untracked 
|  79|0x0000000084f00000, 0x0000000084f00000, 0x0000000085000000|  0%| F|  |TAMS 0x0000000084f00000, 0x0000000084f00000| Untracked 
|  80|0x0000000085000000, 0x0000000085000000, 0x0000000085100000|  0%| F|  |TAMS 0x0000000085000000, 0x0000000085000000| Untracked 
|  81|0x0000000085100000, 0x0000000085100000, 0x0000000085200000|  0%| F|  |TAMS 0x0000000085100000, 0x0000000085100000| Untracked 
|  82|0x0000000085200000, 0x0000000085200000, 0x0000000085300000|  0%| F|  |TAMS 0x0000000085200000, 0x0000000085200000| Untracked 
|  83|0x0000000085300000, 0x0000000085300000, 0x0000000085400000|  0%| F|  |TAMS 0x0000000085300000, 0x0000000085300000| Untracked 
|  84|0x0000000085400000, 0x0000000085400000, 0x0000000085500000|  0%| F|  |TAMS 0x0000000085400000, 0x0000000085400000| Untracked 
|  85|0x0000000085500000, 0x0000000085500000, 0x0000000085600000|  0%| F|  |TAMS 0x0000000085500000, 0x0000000085500000| Untracked 
|  86|0x0000000085600000, 0x0000000085600000, 0x0000000085700000|  0%| F|  |TAMS 0x0000000085600000, 0x0000000085600000| Untracked 
|  87|0x0000000085700000, 0x0000000085700000, 0x0000000085800000|  0%| F|  |TAMS 0x0000000085700000, 0x0000000085700000| Untracked 
|  88|0x0000000085800000, 0x0000000085800000, 0x0000000085900000|  0%| F|  |TAMS 0x0000000085800000, 0x0000000085800000| Untracked 
|  89|0x0000000085900000, 0x0000000085900000, 0x0000000085a00000|  0%| F|  |TAMS 0x0000000085900000, 0x0000000085900000| Untracked 
|  90|0x0000000085a00000, 0x0000000085a00000, 0x0000000085b00000|  0%| F|  |TAMS 0x0000000085a00000, 0x0000000085a00000| Untracked 
|  91|0x0000000085b00000, 0x0000000085b00000, 0x0000000085c00000|  0%| F|  |TAMS 0x0000000085b00000, 0x0000000085b00000| Untracked 
|  92|0x0000000085c00000, 0x0000000085cc78a0, 0x0000000085d00000| 77%| S|CS|TAMS 0x0000000085c00000, 0x0000000085c00000| Complete 
|  93|0x0000000085d00000, 0x0000000085e00000, 0x0000000085e00000|100%| S|CS|TAMS 0x0000000085d00000, 0x0000000085d00000| Complete 
|  94|0x0000000085e00000, 0x0000000085e00000, 0x0000000085f00000|  0%| F|  |TAMS 0x0000000085e00000, 0x0000000085e00000| Untracked 
|  95|0x0000000085f00000, 0x0000000085f00000, 0x0000000086000000|  0%| F|  |TAMS 0x0000000085f00000, 0x0000000085f00000| Untracked 
|  96|0x0000000086000000, 0x0000000086000000, 0x0000000086100000|  0%| F|  |TAMS 0x0000000086000000, 0x0000000086000000| Untracked 
|  97|0x0000000086100000, 0x0000000086100000, 0x0000000086200000|  0%| F|  |TAMS 0x0000000086100000, 0x0000000086100000| Untracked 
|  98|0x0000000086200000, 0x0000000086200000, 0x0000000086300000|  0%| F|  |TAMS 0x0000000086200000, 0x0000000086200000| Untracked 
|  99|0x0000000086300000, 0x0000000086300000, 0x0000000086400000|  0%| F|  |TAMS 0x0000000086300000, 0x0000000086300000| Untracked 
| 100|0x0000000086400000, 0x0000000086400000, 0x0000000086500000|  0%| F|  |TAMS 0x0000000086400000, 0x0000000086400000| Untracked 
| 101|0x0000000086500000, 0x0000000086500000, 0x0000000086600000|  0%| F|  |TAMS 0x0000000086500000, 0x0000000086500000| Untracked 
| 102|0x0000000086600000, 0x0000000086600000, 0x0000000086700000|  0%| F|  |TAMS 0x0000000086600000, 0x0000000086600000| Untracked 
| 103|0x0000000086700000, 0x0000000086700000, 0x0000000086800000|  0%| F|  |TAMS 0x0000000086700000, 0x0000000086700000| Untracked 
| 104|0x0000000086800000, 0x0000000086900000, 0x0000000086900000|100%| S|CS|TAMS 0x0000000086800000, 0x0000000086800000| Complete 
| 105|0x0000000086900000, 0x0000000086a00000, 0x0000000086a00000|100%| S|CS|TAMS 0x0000000086900000, 0x0000000086900000| Complete 
| 106|0x0000000086a00000, 0x0000000086b00000, 0x0000000086b00000|100%| S|CS|TAMS 0x0000000086a00000, 0x0000000086a00000| Complete 
| 107|0x0000000086b00000, 0x0000000086c00000, 0x0000000086c00000|100%| S|CS|TAMS 0x0000000086b00000, 0x0000000086b00000| Complete 
| 108|0x0000000086c00000, 0x0000000086c00000, 0x0000000086d00000|  0%| F|  |TAMS 0x0000000086c00000, 0x0000000086c00000| Untracked 
| 109|0x0000000086d00000, 0x0000000086d00000, 0x0000000086e00000|  0%| F|  |TAMS 0x0000000086d00000, 0x0000000086d00000| Untracked 
| 110|0x0000000086e00000, 0x0000000086e00000, 0x0000000086f00000|  0%| F|  |TAMS 0x0000000086e00000, 0x0000000086e00000| Untracked 
| 111|0x0000000086f00000, 0x0000000086f00000, 0x0000000087000000|  0%| F|  |TAMS 0x0000000086f00000, 0x0000000086f00000| Untracked 
| 112|0x0000000087000000, 0x0000000087000000, 0x0000000087100000|  0%| F|  |TAMS 0x0000000087000000, 0x0000000087000000| Untracked 
| 113|0x0000000087100000, 0x0000000087100000, 0x0000000087200000|  0%| F|  |TAMS 0x0000000087100000, 0x0000000087100000| Untracked 
| 114|0x0000000087200000, 0x0000000087200000, 0x0000000087300000|  0%| F|  |TAMS 0x0000000087200000, 0x0000000087200000| Untracked 
| 115|0x0000000087300000, 0x0000000087300000, 0x0000000087400000|  0%| F|  |TAMS 0x0000000087300000, 0x0000000087300000| Untracked 
| 116|0x0000000087400000, 0x0000000087400000, 0x0000000087500000|  0%| F|  |TAMS 0x0000000087400000, 0x0000000087400000| Untracked 
| 117|0x0000000087500000, 0x0000000087500000, 0x0000000087600000|  0%| F|  |TAMS 0x0000000087500000, 0x0000000087500000| Untracked 
| 118|0x0000000087600000, 0x0000000087600000, 0x0000000087700000|  0%| F|  |TAMS 0x0000000087600000, 0x0000000087600000| Untracked 
| 119|0x0000000087700000, 0x0000000087700000, 0x0000000087800000|  0%| F|  |TAMS 0x0000000087700000, 0x0000000087700000| Untracked 
| 120|0x0000000087800000, 0x0000000087800000, 0x0000000087900000|  0%| F|  |TAMS 0x0000000087800000, 0x0000000087800000| Untracked 
| 121|0x0000000087900000, 0x0000000087900000, 0x0000000087a00000|  0%| F|  |TAMS 0x0000000087900000, 0x0000000087900000| Untracked 
| 122|0x0000000087a00000, 0x0000000087a00000, 0x0000000087b00000|  0%| F|  |TAMS 0x0000000087a00000, 0x0000000087a00000| Untracked 
| 123|0x0000000087b00000, 0x0000000087b00000, 0x0000000087c00000|  0%| F|  |TAMS 0x0000000087b00000, 0x0000000087b00000| Untracked 
| 124|0x0000000087c00000, 0x0000000087c00000, 0x0000000087d00000|  0%| F|  |TAMS 0x0000000087c00000, 0x0000000087c00000| Untracked 
| 125|0x0000000087d00000, 0x0000000087d00000, 0x0000000087e00000|  0%| F|  |TAMS 0x0000000087d00000, 0x0000000087d00000| Untracked 
| 126|0x0000000087e00000, 0x0000000087e00000, 0x0000000087f00000|  0%| F|  |TAMS 0x0000000087e00000, 0x0000000087e00000| Untracked 
| 127|0x0000000087f00000, 0x0000000087f00000, 0x0000000088000000|  0%| F|  |TAMS 0x0000000087f00000, 0x0000000087f00000| Untracked 
| 128|0x0000000088000000, 0x0000000088100000, 0x0000000088100000|100%| E|  |TAMS 0x0000000088000000, 0x0000000088000000| Complete 
| 129|0x0000000088100000, 0x0000000088200000, 0x0000000088200000|100%| E|CS|TAMS 0x0000000088100000, 0x0000000088100000| Complete 
| 130|0x0000000088200000, 0x0000000088300000, 0x0000000088300000|100%| E|CS|TAMS 0x0000000088200000, 0x0000000088200000| Complete 
| 131|0x0000000088300000, 0x0000000088400000, 0x0000000088400000|100%| E|CS|TAMS 0x0000000088300000, 0x0000000088300000| Complete 
| 132|0x0000000088400000, 0x0000000088500000, 0x0000000088500000|100%| E|CS|TAMS 0x0000000088400000, 0x0000000088400000| Complete 
| 133|0x0000000088500000, 0x0000000088600000, 0x0000000088600000|100%| E|CS|TAMS 0x0000000088500000, 0x0000000088500000| Complete 
| 134|0x0000000088600000, 0x0000000088700000, 0x0000000088700000|100%| E|CS|TAMS 0x0000000088600000, 0x0000000088600000| Complete 
| 135|0x0000000088700000, 0x0000000088800000, 0x0000000088800000|100%| E|CS|TAMS 0x0000000088700000, 0x0000000088700000| Complete 
| 136|0x0000000088800000, 0x0000000088900000, 0x0000000088900000|100%| E|CS|TAMS 0x0000000088800000, 0x0000000088800000| Complete 
| 137|0x0000000088900000, 0x0000000088a00000, 0x0000000088a00000|100%| E|CS|TAMS 0x0000000088900000, 0x0000000088900000| Complete 
| 138|0x0000000088a00000, 0x0000000088b00000, 0x0000000088b00000|100%| E|CS|TAMS 0x0000000088a00000, 0x0000000088a00000| Complete 
| 139|0x0000000088b00000, 0x0000000088c00000, 0x0000000088c00000|100%| E|CS|TAMS 0x0000000088b00000, 0x0000000088b00000| Complete 
| 140|0x0000000088c00000, 0x0000000088d00000, 0x0000000088d00000|100%| E|CS|TAMS 0x0000000088c00000, 0x0000000088c00000| Complete 
| 141|0x0000000088d00000, 0x0000000088e00000, 0x0000000088e00000|100%| E|CS|TAMS 0x0000000088d00000, 0x0000000088d00000| Complete 
| 142|0x0000000088e00000, 0x0000000088f00000, 0x0000000088f00000|100%| E|CS|TAMS 0x0000000088e00000, 0x0000000088e00000| Complete 
| 143|0x0000000088f00000, 0x0000000089000000, 0x0000000089000000|100%| E|CS|TAMS 0x0000000088f00000, 0x0000000088f00000| Complete 
| 144|0x0000000089000000, 0x0000000089100000, 0x0000000089100000|100%| E|CS|TAMS 0x0000000089000000, 0x0000000089000000| Complete 
| 145|0x0000000089100000, 0x0000000089200000, 0x0000000089200000|100%| E|CS|TAMS 0x0000000089100000, 0x0000000089100000| Complete 
| 146|0x0000000089200000, 0x0000000089300000, 0x0000000089300000|100%| E|CS|TAMS 0x0000000089200000, 0x0000000089200000| Complete 
| 147|0x0000000089300000, 0x0000000089400000, 0x0000000089400000|100%| E|CS|TAMS 0x0000000089300000, 0x0000000089300000| Complete 
| 148|0x0000000089400000, 0x0000000089500000, 0x0000000089500000|100%| E|CS|TAMS 0x0000000089400000, 0x0000000089400000| Complete 
| 149|0x0000000089500000, 0x0000000089600000, 0x0000000089600000|100%| E|CS|TAMS 0x0000000089500000, 0x0000000089500000| Complete 
| 150|0x0000000089600000, 0x0000000089700000, 0x0000000089700000|100%| E|CS|TAMS 0x0000000089600000, 0x0000000089600000| Complete 
| 151|0x0000000089700000, 0x0000000089800000, 0x0000000089800000|100%| E|CS|TAMS 0x0000000089700000, 0x0000000089700000| Complete 
| 152|0x0000000089800000, 0x0000000089900000, 0x0000000089900000|100%| E|CS|TAMS 0x0000000089800000, 0x0000000089800000| Complete 
| 153|0x0000000089900000, 0x0000000089a00000, 0x0000000089a00000|100%| E|CS|TAMS 0x0000000089900000, 0x0000000089900000| Complete 
| 154|0x0000000089a00000, 0x0000000089b00000, 0x0000000089b00000|100%| E|CS|TAMS 0x0000000089a00000, 0x0000000089a00000| Complete 
| 155|0x0000000089b00000, 0x0000000089c00000, 0x0000000089c00000|100%| E|CS|TAMS 0x0000000089b00000, 0x0000000089b00000| Complete 
| 156|0x0000000089c00000, 0x0000000089d00000, 0x0000000089d00000|100%| E|CS|TAMS 0x0000000089c00000, 0x0000000089c00000| Complete 
| 157|0x0000000089d00000, 0x0000000089e00000, 0x0000000089e00000|100%| E|CS|TAMS 0x0000000089d00000, 0x0000000089d00000| Complete 
| 158|0x0000000089e00000, 0x0000000089f00000, 0x0000000089f00000|100%| E|CS|TAMS 0x0000000089e00000, 0x0000000089e00000| Complete 
| 159|0x0000000089f00000, 0x000000008a000000, 0x000000008a000000|100%| E|CS|TAMS 0x0000000089f00000, 0x0000000089f00000| Complete 
| 160|0x000000008a000000, 0x000000008a100000, 0x000000008a100000|100%| E|CS|TAMS 0x000000008a000000, 0x000000008a000000| Complete 
| 161|0x000000008a100000, 0x000000008a200000, 0x000000008a200000|100%| E|CS|TAMS 0x000000008a100000, 0x000000008a100000| Complete 
| 162|0x000000008a200000, 0x000000008a300000, 0x000000008a300000|100%| E|CS|TAMS 0x000000008a200000, 0x000000008a200000| Complete 
| 163|0x000000008a300000, 0x000000008a400000, 0x000000008a400000|100%| E|CS|TAMS 0x000000008a300000, 0x000000008a300000| Complete 
| 164|0x000000008a400000, 0x000000008a500000, 0x000000008a500000|100%| E|CS|TAMS 0x000000008a400000, 0x000000008a400000| Complete 
| 165|0x000000008a500000, 0x000000008a600000, 0x000000008a600000|100%| E|CS|TAMS 0x000000008a500000, 0x000000008a500000| Complete 
| 166|0x000000008a600000, 0x000000008a700000, 0x000000008a700000|100%| E|CS|TAMS 0x000000008a600000, 0x000000008a600000| Complete 
| 167|0x000000008a700000, 0x000000008a800000, 0x000000008a800000|100%| E|CS|TAMS 0x000000008a700000, 0x000000008a700000| Complete 
| 168|0x000000008a800000, 0x000000008a900000, 0x000000008a900000|100%| E|CS|TAMS 0x000000008a800000, 0x000000008a800000| Complete 
| 169|0x000000008a900000, 0x000000008aa00000, 0x000000008aa00000|100%| E|CS|TAMS 0x000000008a900000, 0x000000008a900000| Complete 
| 170|0x000000008aa00000, 0x000000008ab00000, 0x000000008ab00000|100%| E|CS|TAMS 0x000000008aa00000, 0x000000008aa00000| Complete 
| 171|0x000000008ab00000, 0x000000008ac00000, 0x000000008ac00000|100%| E|CS|TAMS 0x000000008ab00000, 0x000000008ab00000| Complete 
| 172|0x000000008ac00000, 0x000000008ad00000, 0x000000008ad00000|100%| E|CS|TAMS 0x000000008ac00000, 0x000000008ac00000| Complete 
| 173|0x000000008ad00000, 0x000000008ae00000, 0x000000008ae00000|100%| E|CS|TAMS 0x000000008ad00000, 0x000000008ad00000| Complete 
| 174|0x000000008ae00000, 0x000000008af00000, 0x000000008af00000|100%| E|CS|TAMS 0x000000008ae00000, 0x000000008ae00000| Complete 
| 175|0x000000008af00000, 0x000000008b000000, 0x000000008b000000|100%| E|CS|TAMS 0x000000008af00000, 0x000000008af00000| Complete 
| 176|0x000000008b000000, 0x000000008b100000, 0x000000008b100000|100%| E|CS|TAMS 0x000000008b000000, 0x000000008b000000| Complete 
| 177|0x000000008b100000, 0x000000008b200000, 0x000000008b200000|100%| E|CS|TAMS 0x000000008b100000, 0x000000008b100000| Complete 
| 178|0x000000008b200000, 0x000000008b300000, 0x000000008b300000|100%| E|CS|TAMS 0x000000008b200000, 0x000000008b200000| Complete 
| 179|0x000000008b300000, 0x000000008b400000, 0x000000008b400000|100%| E|CS|TAMS 0x000000008b300000, 0x000000008b300000| Complete 
| 180|0x000000008b400000, 0x000000008b500000, 0x000000008b500000|100%| E|CS|TAMS 0x000000008b400000, 0x000000008b400000| Complete 
| 181|0x000000008b500000, 0x000000008b600000, 0x000000008b600000|100%| E|CS|TAMS 0x000000008b500000, 0x000000008b500000| Complete 
| 182|0x000000008b600000, 0x000000008b700000, 0x000000008b700000|100%| E|CS|TAMS 0x000000008b600000, 0x000000008b600000| Complete 
| 183|0x000000008b700000, 0x000000008b800000, 0x000000008b800000|100%| E|CS|TAMS 0x000000008b700000, 0x000000008b700000| Complete 
| 184|0x000000008b800000, 0x000000008b900000, 0x000000008b900000|100%| E|CS|TAMS 0x000000008b800000, 0x000000008b800000| Complete 
| 185|0x000000008b900000, 0x000000008ba00000, 0x000000008ba00000|100%| E|CS|TAMS 0x000000008b900000, 0x000000008b900000| Complete 
| 186|0x000000008ba00000, 0x000000008bb00000, 0x000000008bb00000|100%| E|CS|TAMS 0x000000008ba00000, 0x000000008ba00000| Complete 
| 187|0x000000008bb00000, 0x000000008bc00000, 0x000000008bc00000|100%| E|CS|TAMS 0x000000008bb00000, 0x000000008bb00000| Complete 
| 188|0x000000008bc00000, 0x000000008bd00000, 0x000000008bd00000|100%| E|CS|TAMS 0x000000008bc00000, 0x000000008bc00000| Complete 
| 189|0x000000008bd00000, 0x000000008be00000, 0x000000008be00000|100%| E|CS|TAMS 0x000000008bd00000, 0x000000008bd00000| Complete 
| 190|0x000000008be00000, 0x000000008bf00000, 0x000000008bf00000|100%| E|CS|TAMS 0x000000008be00000, 0x000000008be00000| Complete 
| 191|0x000000008bf00000, 0x000000008c000000, 0x000000008c000000|100%| E|CS|TAMS 0x000000008bf00000, 0x000000008bf00000| Complete 
| 192|0x000000008c000000, 0x000000008c100000, 0x000000008c100000|100%| E|CS|TAMS 0x000000008c000000, 0x000000008c000000| Complete 
| 193|0x000000008c100000, 0x000000008c200000, 0x000000008c200000|100%| E|CS|TAMS 0x000000008c100000, 0x000000008c100000| Complete 
| 194|0x000000008c200000, 0x000000008c300000, 0x000000008c300000|100%| E|CS|TAMS 0x000000008c200000, 0x000000008c200000| Complete 

Card table byte_map: [0x0000023072c60000,0x0000023073060000] _byte_map_base: 0x0000023072860000

Marking Bits (Prev, Next): (CMBitMap*) 0x000002305fd7d908, (CMBitMap*) 0x000002305fd7d940
 Prev Bits: [0x0000023073460000, 0x0000023075460000)
 Next Bits: [0x0000023075460000, 0x0000023077460000)

Polling page: 0x000002305dab0000

Metaspace:

Usage:
  Non-class:     67.92 MB capacity,    66.89 MB ( 98%) used,   866.71 KB (  1%) free+waste,   191.94 KB ( <1%) overhead. 
      Class:     10.64 MB capacity,     9.97 MB ( 94%) used,   599.39 KB (  6%) free+waste,    88.31 KB ( <1%) overhead. 
       Both:     78.56 MB capacity,    76.86 MB ( 98%) used,     1.43 MB (  2%) free+waste,   280.25 KB ( <1%) overhead. 

Virtual space:
  Non-class space:       70.00 MB reserved,      68.06 MB ( 97%) committed 
      Class space:        1.00 GB reserved,      10.75 MB (  1%) committed 
             Both:        1.07 GB reserved,      78.81 MB (  7%) committed 

Chunk freelists:
   Non-Class:  17.00 KB
       Class:  17.00 KB
        Both:  34.00 KB

MaxMetaspaceSize: 17179869184.00 GB
CompressedClassSpaceSize: 1.00 GB
Initial GC threshold: 20.80 MB
Current GC threshold: 108.65 MB
CDS: off

CodeHeap 'non-profiled nmethods': size=120064Kb used=4712Kb max_used=4712Kb free=115351Kb
 bounds [0x000002306b320000, 0x000002306b7c0000, 0x0000023072860000]
CodeHeap 'profiled nmethods': size=120000Kb used=16559Kb max_used=16559Kb free=103440Kb
 bounds [0x0000023063df0000, 0x0000023064e20000, 0x000002306b320000]
CodeHeap 'non-nmethods': size=5696Kb used=2355Kb max_used=2417Kb free=3340Kb
 bounds [0x0000023063860000, 0x0000023063ad0000, 0x0000023063df0000]
 total_blobs=8519 nmethods=7645 adapters=785
 compilation: enabled
              stopped_count=0, restarted_count=0
 full_count=0

Compilation events (20 events):
Event: 21.693 Thread 0x0000023079970000 nmethod 7631 0x0000023064df9e90 code [0x0000023064dfa080, 0x0000023064dfa458]
Event: 21.696 Thread 0x0000023079970000 7632       3       org.gradle.api.internal.file.collections.DefaultConfigurableFileCollection$EmptyCollector::plus (14 bytes)
Event: 21.696 Thread 0x0000023079970000 nmethod 7632 0x0000023064dfa610 code [0x0000023064dfa7e0, 0x0000023064dfaa08]
Event: 21.699 Thread 0x0000023079970000 7633       3       org.gradle.internal.instantiation.generator.AsmBackedClassGenerator$ClassInspectionVisitorImpl::mixInConventionAware (13 bytes)
Event: 21.699 Thread 0x0000023079970000 nmethod 7633 0x0000023064dfab10 code [0x0000023064dfacc0, 0x0000023064dfadf8]
Event: 21.711 Thread 0x0000023079970000 7634       1       org.gradle.api.internal.tasks.properties.bean.AbstractNestedRuntimeBeanNode$BeanPropertyValue::access$100 (5 bytes)
Event: 21.711 Thread 0x0000023079970000 nmethod 7634 0x000002306b7b8e10 code [0x000002306b7b8fc0, 0x000002306b7b9058]
Event: 21.712 Thread 0x0000023079970000 7635       1       org.gradle.api.internal.tasks.properties.bean.AbstractNestedRuntimeBeanNode$BeanPropertyValue::access$000 (5 bytes)
Event: 21.712 Thread 0x0000023079970000 nmethod 7635 0x000002306b7b9110 code [0x000002306b7b92c0, 0x000002306b7b9358]
Event: 21.712 Thread 0x0000023079970000 7636       3       org.gradle.api.DefaultTask::getPath (5 bytes)
Event: 21.712 Thread 0x0000023079970000 nmethod 7636 0x0000023064dfae90 code [0x0000023064dfb060, 0x0000023064dfb368]
Event: 21.712 Thread 0x0000023079970000 7637       3       org.gradle.api.internal.AbstractTask::getPath (11 bytes)
Event: 21.713 Thread 0x0000023079970000 nmethod 7637 0x0000023064dfb510 code [0x0000023064dfb6e0, 0x0000023064dfb9a8]
Event: 21.713 Thread 0x0000023079970000 7638       3       com.google.common.collect.SingletonImmutableBiMap::containsKey (9 bytes)
Event: 21.713 Thread 0x0000023079970000 nmethod 7638 0x0000023064dfbb10 code [0x0000023064dfbcc0, 0x0000023064dfbe88]
Event: 21.713 Thread 0x0000023079970000 7639       3       org.gradle.api.internal.provider.AbstractProperty::getProducer (24 bytes)
Event: 21.714 Thread 0x0000023079970000 nmethod 7639 0x0000023064dfbf90 code [0x0000023064dfc180, 0x0000023064dfc638]
Event: 21.714 Thread 0x0000023079970000 7640       3       org.gradle.api.internal.provider.AbstractProperty::getProducerTask (82 bytes)
Event: 21.714 Thread 0x0000023079970000 nmethod 7640 0x0000023064dfc790 code [0x0000023064dfca00, 0x0000023064dfd308]
Event: 21.714 Thread 0x0000023079970000 7641       3       org.gradle.api.DefaultTask::getProject (5 bytes)

GC Heap History (20 events):
Event: 2.268 GC heap before
{Heap before GC invocations=2 (full 0):
 garbage-first heap   total 131072K, used 38845K [0x0000000080000000, 0x0000000100000000)
  region size 1024K, 30 young (30720K), 2 survivors (2048K)
 Metaspace       used 10876K, capacity 11073K, committed 11264K, reserved 1058816K
  class space    used 1112K, capacity 1207K, committed 1280K, reserved 1048576K
}
Event: 2.273 GC heap after
{Heap after GC invocations=3 (full 0):
 garbage-first heap   total 131072K, used 12131K [0x0000000080000000, 0x0000000100000000)
  region size 1024K, 4 young (4096K), 4 survivors (4096K)
 Metaspace       used 10876K, capacity 11073K, committed 11264K, reserved 1058816K
  class space    used 1112K, capacity 1207K, committed 1280K, reserved 1048576K
}
Event: 5.305 GC heap before
{Heap before GC invocations=3 (full 0):
 garbage-first heap   total 131072K, used 54115K [0x0000000080000000, 0x0000000100000000)
  region size 1024K, 45 young (46080K), 4 survivors (4096K)
 Metaspace       used 17473K, capacity 17811K, committed 18048K, reserved 1064960K
  class space    used 2018K, capacity 2113K, committed 2176K, reserved 1048576K
}
Event: 5.351 GC heap after
{Heap after GC invocations=4 (full 0):
 garbage-first heap   total 131072K, used 15905K [0x0000000080000000, 0x0000000100000000)
  region size 1024K, 6 young (6144K), 6 survivors (6144K)
 Metaspace       used 17473K, capacity 17811K, committed 18048K, reserved 1064960K
  class space    used 2018K, capacity 2113K, committed 2176K, reserved 1048576K
}
Event: 5.840 GC heap before
{Heap before GC invocations=4 (full 0):
 garbage-first heap   total 131072K, used 46625K [0x0000000080000000, 0x0000000100000000)
  region size 1024K, 37 young (37888K), 6 survivors (6144K)
 Metaspace       used 20827K, capacity 21189K, committed 21296K, reserved 1069056K
  class space    used 2526K, capacity 2688K, committed 2688K, reserved 1048576K
}
Event: 5.848 GC heap after
{Heap after GC invocations=5 (full 0):
 garbage-first heap   total 131072K, used 17506K [0x0000000080000000, 0x0000000100000000)
  region size 1024K, 6 young (6144K), 6 survivors (6144K)
 Metaspace       used 20827K, capacity 21189K, committed 21296K, reserved 1069056K
  class space    used 2526K, capacity 2688K, committed 2688K, reserved 1048576K
}
Event: 6.781 GC heap before
{Heap before GC invocations=6 (full 0):
 garbage-first heap   total 131072K, used 67682K [0x0000000080000000, 0x0000000100000000)
  region size 1024K, 55 young (56320K), 6 survivors (6144K)
 Metaspace       used 26071K, capacity 26689K, committed 27008K, reserved 1073152K
  class space    used 3378K, capacity 3593K, committed 3712K, reserved 1048576K
}
Event: 6.792 GC heap after
{Heap after GC invocations=7 (full 0):
 garbage-first heap   total 131072K, used 19637K [0x0000000080000000, 0x0000000100000000)
  region size 1024K, 4 young (4096K), 4 survivors (4096K)
 Metaspace       used 26071K, capacity 26689K, committed 27008K, reserved 1073152K
  class space    used 3378K, capacity 3593K, committed 3712K, reserved 1048576K
}
Event: 8.712 GC heap before
{Heap before GC invocations=7 (full 0):
 garbage-first heap   total 131072K, used 84149K [0x0000000080000000, 0x0000000100000000)
  region size 1024K, 68 young (69632K), 4 survivors (4096K)
 Metaspace       used 35161K, capacity 35937K, committed 36048K, reserved 1081344K
  class space    used 4509K, capacity 4806K, committed 4864K, reserved 1048576K
}
Event: 8.731 GC heap after
{Heap after GC invocations=8 (full 0):
 garbage-first heap   total 199680K, used 22989K [0x0000000080000000, 0x0000000100000000)
  region size 1024K, 7 young (7168K), 7 survivors (7168K)
 Metaspace       used 35161K, capacity 35937K, committed 36048K, reserved 1081344K
  class space    used 4509K, capacity 4806K, committed 4864K, reserved 1048576K
}
Event: 11.551 GC heap before
{Heap before GC invocations=9 (full 0):
 garbage-first heap   total 199680K, used 138701K [0x0000000080000000, 0x0000000100000000)
  region size 1024K, 117 young (119808K), 7 survivors (7168K)
 Metaspace       used 44817K, capacity 45853K, committed 46032K, reserved 1089536K
  class space    used 5663K, capacity 6070K, committed 6144K, reserved 1048576K
}
Event: 11.570 GC heap after
{Heap after GC invocations=10 (full 0):
 garbage-first heap   total 199680K, used 29979K [0x0000000080000000, 0x0000000100000000)
  region size 1024K, 14 young (14336K), 14 survivors (14336K)
 Metaspace       used 44817K, capacity 45853K, committed 46032K, reserved 1089536K
  class space    used 5663K, capacity 6070K, committed 6144K, reserved 1048576K
}
Event: 14.132 GC heap before
{Heap before GC invocations=10 (full 0):
 garbage-first heap   total 199680K, used 139547K [0x0000000080000000, 0x0000000100000000)
  region size 1024K, 117 young (119808K), 14 survivors (14336K)
 Metaspace       used 52207K, capacity 53585K, committed 53712K, reserved 1095680K
  class space    used 6579K, capacity 7077K, committed 7168K, reserved 1048576K
}
Event: 14.163 GC heap after
{Heap after GC invocations=11 (full 0):
 garbage-first heap   total 199680K, used 42019K [0x0000000080000000, 0x0000000100000000)
  region size 1024K, 15 young (15360K), 15 survivors (15360K)
 Metaspace       used 52207K, capacity 53585K, committed 53712K, reserved 1095680K
  class space    used 6579K, capacity 7077K, committed 7168K, reserved 1048576K
}
Event: 15.600 GC heap before
{Heap before GC invocations=11 (full 0):
 garbage-first heap   total 199680K, used 89123K [0x0000000080000000, 0x0000000100000000)
  region size 1024K, 62 young (63488K), 15 survivors (15360K)
 Metaspace       used 59029K, capacity 60420K, committed 60496K, reserved 1101824K
  class space    used 7448K, capacity 7990K, committed 8064K, reserved 1048576K
}
Event: 15.623 GC heap after
{Heap after GC invocations=12 (full 0):
 garbage-first heap   total 199680K, used 45000K [0x0000000080000000, 0x0000000100000000)
  region size 1024K, 3 young (3072K), 3 survivors (3072K)
 Metaspace       used 59029K, capacity 60420K, committed 60496K, reserved 1101824K
  class space    used 7448K, capacity 7990K, committed 8064K, reserved 1048576K
}
Event: 17.515 GC heap before
{Heap before GC invocations=13 (full 0):
 garbage-first heap   total 199680K, used 142280K [0x0000000080000000, 0x0000000100000000)
  region size 1024K, 91 young (93184K), 3 survivors (3072K)
 Metaspace       used 65114K, capacity 66579K, committed 66752K, reserved 1107968K
  class space    used 8222K, capacity 8787K, committed 8832K, reserved 1048576K
}
Event: 17.533 GC heap after
{Heap after GC invocations=14 (full 0):
 garbage-first heap   total 199680K, used 51882K [0x0000000080000000, 0x0000000100000000)
  region size 1024K, 10 young (10240K), 10 survivors (10240K)
 Metaspace       used 65114K, capacity 66579K, committed 66752K, reserved 1107968K
  class space    used 8222K, capacity 8787K, committed 8832K, reserved 1048576K
}
Event: 20.164 GC heap before
{Heap before GC invocations=15 (full 0):
 garbage-first heap   total 199680K, used 140970K [0x0000000080000000, 0x0000000100000000)
  region size 1024K, 97 young (99328K), 10 survivors (10240K)
 Metaspace       used 72151K, capacity 73754K, committed 73792K, reserved 1114112K
  class space    used 9327K, capacity 9947K, committed 9984K, reserved 1048576K
}
Event: 20.187 GC heap after
{Heap after GC invocations=16 (full 0):
 garbage-first heap   total 199680K, used 57598K [0x0000000080000000, 0x0000000100000000)
  region size 1024K, 6 young (6144K), 6 survivors (6144K)
 Metaspace       used 72151K, capacity 73754K, committed 73792K, reserved 1114112K
  class space    used 9327K, capacity 9947K, committed 9984K, reserved 1048576K
}

Deoptimization events (20 events):
Event: 21.534 Thread 0x000002307c259000 DEOPT PACKING pc=0x000002306489d263 sp=0x000000327bff8ba0
Event: 21.534 Thread 0x000002307c259000 DEOPT UNPACKING pc=0x00000230638aa95e sp=0x000000327bff8050 mode 0
Event: 21.534 Thread 0x000002307c259000 DEOPT PACKING pc=0x000002306489d263 sp=0x000000327bff8ba0
Event: 21.534 Thread 0x000002307c259000 DEOPT UNPACKING pc=0x00000230638aa95e sp=0x000000327bff8050 mode 0
Event: 21.534 Thread 0x000002307c259000 DEOPT PACKING pc=0x000002306489d263 sp=0x000000327bff8ba0
Event: 21.534 Thread 0x000002307c259000 DEOPT UNPACKING pc=0x00000230638aa95e sp=0x000000327bff8050 mode 0
Event: 21.534 Thread 0x000002307c259000 DEOPT PACKING pc=0x000002306489d263 sp=0x000000327bff8ba0
Event: 21.534 Thread 0x000002307c259000 DEOPT UNPACKING pc=0x00000230638aa95e sp=0x000000327bff8050 mode 0
Event: 21.534 Thread 0x000002307c259000 DEOPT PACKING pc=0x000002306489d263 sp=0x000000327bff8ba0
Event: 21.534 Thread 0x000002307c259000 DEOPT UNPACKING pc=0x00000230638aa95e sp=0x000000327bff8050 mode 0
Event: 21.551 Thread 0x000002307c259000 Uncommon trap: trap_request=0xffffff4d fr.pc=0x000002306b66f6b0 relative=0x0000000000000250
Event: 21.551 Thread 0x000002307c259000 Uncommon trap: reason=unstable_if action=reinterpret pc=0x000002306b66f6b0 method=java.lang.CharacterDataLatin1.digit(II)I @ 12 c2
Event: 21.551 Thread 0x000002307c259000 DEOPT PACKING pc=0x000002306b66f6b0 sp=0x000000327bff91f0
Event: 21.551 Thread 0x000002307c259000 DEOPT UNPACKING pc=0x00000230638aa1af sp=0x000000327bff9010 mode 2
Event: 21.574 Thread 0x000002307c259000 Uncommon trap: trap_request=0xffffff4d fr.pc=0x000002306b66e3c4 relative=0x00000000000000a4
Event: 21.574 Thread 0x000002307c259000 Uncommon trap: reason=unstable_if action=reinterpret pc=0x000002306b66e3c4 method=java.lang.CharacterDataLatin1.digit(II)I @ 12 c2
Event: 21.574 Thread 0x000002307c259000 DEOPT PACKING pc=0x000002306b66e3c4 sp=0x000000327bff9040
Event: 21.574 Thread 0x000002307c259000 DEOPT UNPACKING pc=0x00000230638aa1af sp=0x000000327bff8fb8 mode 2
Event: 21.603 Thread 0x000002307c259000 DEOPT PACKING pc=0x0000023064a44027 sp=0x000000327bff90c0
Event: 21.603 Thread 0x000002307c259000 DEOPT UNPACKING pc=0x00000230638aa95e sp=0x000000327bff8570 mode 0

Classes redefined (0 events):
No events

Internal exceptions (20 events):
Event: 18.179 Thread 0x000002307c259000 Exception <a 'java/lang/ClassNotFoundException'{0x000000008a8ba678}: org/gradle/api/internal/artifacts/dsl/dependencies/DefaultDependencyHandler_DecoratedBeanInfo> (0x000000008a8ba678) thrown at [./src/hotspot/share/classfile/systemDictionary.cpp, line 231]
Event: 18.181 Thread 0x000002307c259000 Exception <a 'java/lang/ClassNotFoundException'{0x000000008a70b0c8}: org/gradle/api/internal/artifacts/dsl/dependencies/DefaultDependencyHandlerBeanInfo> (0x000000008a70b0c8) thrown at [./src/hotspot/share/classfile/systemDictionary.cpp, line 231]
Event: 18.183 Thread 0x000002307c259000 Exception <a 'java/lang/ClassNotFoundException'{0x000000008a75b898}: org/gradle/api/internal/artifacts/dsl/dependencies/DefaultDependencyHandlerCustomizer> (0x000000008a75b898) thrown at [./src/hotspot/share/classfile/systemDictionary.cpp, line 231]
Event: 18.189 Thread 0x000002307c259000 Exception <a 'java/lang/ClassNotFoundException'{0x000000008a7d64c8}: org/gradle/api/internal/artifacts/dsl/dependencies/DefaultDependencyHandler_DecoratedCustomizer> (0x000000008a7d64c8) thrown at [./src/hotspot/share/classfile/systemDictionary.cpp, line 231]
Event: 19.857 Thread 0x000002307c259000 Exception <a 'java/lang/ClassNotFoundException'{0x0000000087828840}: com/android/build/gradle/internal/api/ApkVariantOutputImpl_DecoratedBeanInfo> (0x0000000087828840) thrown at [./src/hotspot/share/classfile/systemDictionary.cpp, line 231]
Event: 19.857 Thread 0x000002307c259000 Exception <a 'java/lang/ClassNotFoundException'{0x0000000087844fa8}: com/android/build/gradle/internal/api/ApkVariantOutputImplBeanInfo> (0x0000000087844fa8) thrown at [./src/hotspot/share/classfile/systemDictionary.cpp, line 231]
Event: 19.859 Thread 0x000002307c259000 Exception <a 'java/lang/ClassNotFoundException'{0x0000000087861f08}: com/android/build/gradle/internal/api/BaseVariantOutputImplBeanInfo> (0x0000000087861f08) thrown at [./src/hotspot/share/classfile/systemDictionary.cpp, line 231]
Event: 19.860 Thread 0x000002307c259000 Exception <a 'java/lang/ClassNotFoundException'{0x000000008787eef0}: com/android/build/gradle/internal/api/BaseVariantOutputImplCustomizer> (0x000000008787eef0) thrown at [./src/hotspot/share/classfile/systemDictionary.cpp, line 231]
Event: 19.861 Thread 0x000002307c259000 Exception <a 'java/lang/ClassNotFoundException'{0x00000000878ae968}: com/android/build/gradle/internal/api/ApkVariantOutputImplCustomizer> (0x00000000878ae968) thrown at [./src/hotspot/share/classfile/systemDictionary.cpp, line 231]
Event: 19.862 Thread 0x000002307c259000 Exception <a 'java/lang/ClassNotFoundException'{0x00000000878da718}: com/android/build/gradle/internal/api/ApkVariantOutputImpl_DecoratedCustomizer> (0x00000000878da718) thrown at [./src/hotspot/share/classfile/systemDictionary.cpp, line 231]
Event: 19.877 Thread 0x000002307c259000 Exception <a 'java/lang/NoClassDefFoundError'{0x0000000087647c28}: org/jetbrains/kotlin/gradle/plugin/KotlinBasePluginWrapper> (0x0000000087647c28) thrown at [./src/hotspot/share/classfile/systemDictionary.cpp, line 220]
Event: 20.527 Thread 0x000002307c259000 Exception <a 'java/lang/NoSuchMethodError'{0x000000008b0373d0}: 'java.lang.Object java.lang.invoke.Invokers$Holder.linkToTargetMethod(java.lang.Object, int, java.lang.Object)'> (0x000000008b0373d0) thrown at [./src/hotspot/share/interpreter/linkResolver.cpp, line 773]
Event: 20.951 Thread 0x000002307c259000 Exception <a 'sun/nio/fs/WindowsException'{0x000000008a7c6ac0}> (0x000000008a7c6ac0) thrown at [./src/hotspot/share/prims/jni.cpp, line 616]
Event: 21.183 Thread 0x000002307c259000 Exception <a 'java/lang/NullPointerException'{0x0000000089de3e20}> (0x0000000089de3e20) thrown at [./src/hotspot/share/interpreter/linkResolver.cpp, line 1440]
Event: 21.358 Thread 0x000002307c259000 Implicit null exception at 0x000002306b6648c7 to 0x000002306b666310
Event: 21.494 Thread 0x000002307c259000 Exception <a 'java/lang/NoSuchMethodError'{0x0000000088c93608}: 'int java.lang.invoke.DirectMethodHandle$Holder.invokeStatic(java.lang.Object, java.lang.Object, int, java.lang.Object)'> (0x0000000088c93608) thrown at [./src/hotspot/share/interpreter/linkResolver.cpp, line 773]
Event: 21.558 Thread 0x000002307c259000 Exception <a 'sun/nio/fs/WindowsException'{0x0000000088bc4b48}> (0x0000000088bc4b48) thrown at [./src/hotspot/share/prims/jni.cpp, line 616]
Event: 21.559 Thread 0x000002307c259000 Exception <a 'sun/nio/fs/WindowsException'{0x0000000088bc5ed0}> (0x0000000088bc5ed0) thrown at [./src/hotspot/share/prims/jni.cpp, line 616]
Event: 21.559 Thread 0x000002307c259000 Exception <a 'sun/nio/fs/WindowsException'{0x0000000088bc7290}> (0x0000000088bc7290) thrown at [./src/hotspot/share/prims/jni.cpp, line 616]
Event: 21.559 Thread 0x000002307c259000 Exception <a 'sun/nio/fs/WindowsException'{0x0000000088bc8650}> (0x0000000088bc8650) thrown at [./src/hotspot/share/prims/jni.cpp, line 616]

Events (20 events):
Event: 21.682 loading class com/android/ide/common/resources/SingleFileProcessor
Event: 21.682 loading class com/android/ide/common/resources/SingleFileProcessor done
Event: 21.682 loading class com/android/build/gradle/tasks/MergeResources$Companion
Event: 21.682 loading class com/android/build/gradle/tasks/MergeResources$Companion done
Event: 21.690 loading class com/android/build/gradle/tasks/MergeResources$CreationAction$configure$1
Event: 21.690 loading class com/android/build/gradle/tasks/MergeResources$CreationAction$configure$1 done
Event: 21.692 loading class com/android/build/gradle/internal/DependencyResourcesComputer$ResourceSourceSetInput
Event: 21.692 loading class com/android/build/gradle/internal/DependencyResourcesComputer$ResourceSourceSetInput done
Event: 21.696 loading class com/android/build/api/variant/impl/LayeredSourceDirectoriesImpl$getLocalSourcesAsFileCollection$1$1$2$1
Event: 21.696 loading class com/android/build/api/variant/impl/LayeredSourceDirectoriesImpl$getLocalSourcesAsFileCollection$1$1$2$1 done
Event: 21.698 loading class com/android/build/gradle/internal/DependencyResourcesComputer$initFromVariantScope$2
Event: 21.698 loading class com/android/build/gradle/internal/DependencyResourcesComputer$initFromVariantScope$2 done
Event: 21.701 loading class org/gradle/api/internal/provider/MapCollectors$SingleEntry
Event: 21.701 loading class org/gradle/api/internal/provider/MapCollectors$SingleEntry done
Event: 21.702 loading class org/gradle/api/internal/provider/DefaultMapProperty$PlusCollector
Event: 21.702 loading class org/gradle/api/internal/provider/DefaultMapProperty$PlusCollector done
Event: 21.704 loading class com/android/build/gradle/tasks/MergeResources$CreationAction$configure$2
Event: 21.704 loading class com/android/build/gradle/tasks/MergeResources$CreationAction$configure$2 done
Event: 21.713 loading class org/gradle/api/internal/provider/BuildableBackedProvider$1
Event: 21.713 loading class org/gradle/api/internal/provider/BuildableBackedProvider$1 done


Dynamic libraries:
0x00007ff712980000 - 0x00007ff71298a000 	C:\Program Files\Android\Android Studio\jre\bin\java.exe
0x00007ffb8dc10000 - 0x00007ffb8de08000 	C:\Windows\SYSTEM32\ntdll.dll
0x00007ffb8da10000 - 0x00007ffb8dacf000 	C:\Windows\System32\KERNEL32.DLL
0x00007ffb8b6f0000 - 0x00007ffb8b9c2000 	C:\Windows\System32\KERNELBASE.dll
0x00007ffb8baa0000 - 0x00007ffb8bba0000 	C:\Windows\System32\ucrtbase.dll
0x00007ffb83cb0000 - 0x00007ffb83cc9000 	C:\Program Files\Android\Android Studio\jre\bin\jli.dll
0x00007ffb8c3a0000 - 0x00007ffb8c541000 	C:\Windows\System32\USER32.dll
0x00007ffb8ba70000 - 0x00007ffb8ba92000 	C:\Windows\System32\win32u.dll
0x00007ffb8d160000 - 0x00007ffb8d18b000 	C:\Windows\System32\GDI32.dll
0x00007ffb8b370000 - 0x00007ffb8b47f000 	C:\Windows\System32\gdi32full.dll
0x00007ffb8b9d0000 - 0x00007ffb8ba6d000 	C:\Windows\System32\msvcp_win.dll
0x00007ffb83810000 - 0x00007ffb83827000 	C:\Program Files\Android\Android Studio\jre\bin\VCRUNTIME140.dll
0x00007ffb701d0000 - 0x00007ffb7046a000 	C:\Windows\WinSxS\amd64_microsoft.windows.common-controls_6595b64144ccf1df_6.0.19041.1110_none_60b5254171f9507e\COMCTL32.dll
0x00007ffb8bdb0000 - 0x00007ffb8be4e000 	C:\Windows\System32\msvcrt.dll
0x00007ffb8bcb0000 - 0x00007ffb8bce2000 	C:\Windows\System32\IMM32.DLL
0x00007ffb78ea0000 - 0x00007ffb78f3d000 	C:\Program Files\Android\Android Studio\jre\bin\msvcp140.dll
0x00007ffb3e8b0000 - 0x00007ffb3f3b2000 	C:\Program Files\Android\Android Studio\jre\bin\server\jvm.dll
0x00007ffb8be50000 - 0x00007ffb8befe000 	C:\Windows\System32\ADVAPI32.dll
0x00007ffb8d0c0000 - 0x00007ffb8d15c000 	C:\Windows\System32\sechost.dll
0x00007ffb8d8e0000 - 0x00007ffb8da05000 	C:\Windows\System32\RPCRT4.dll
0x00007ffb8dbc0000 - 0x00007ffb8dbc8000 	C:\Windows\System32\PSAPI.DLL
0x00007ffb83c50000 - 0x00007ffb83c59000 	C:\Windows\SYSTEM32\WSOCK32.dll
0x00007ffb8c320000 - 0x00007ffb8c38b000 	C:\Windows\System32\WS2_32.dll
0x00007ffb70d90000 - 0x00007ffb70db7000 	C:\Windows\SYSTEM32\WINMM.dll
0x00007ffb837f0000 - 0x00007ffb837fa000 	C:\Windows\SYSTEM32\VERSION.dll
0x00007ffb89b50000 - 0x00007ffb89b62000 	C:\Windows\SYSTEM32\kernel.appcore.dll
0x00007ffb81670000 - 0x00007ffb81681000 	C:\Program Files\Android\Android Studio\jre\bin\verify.dll
0x00007ffb89190000 - 0x00007ffb89374000 	C:\Windows\SYSTEM32\DBGHELP.DLL
0x00007ffb79bf0000 - 0x00007ffb79c25000 	C:\Windows\SYSTEM32\dbgcore.DLL
0x00007ffb8b500000 - 0x00007ffb8b582000 	C:\Windows\System32\bcryptPrimitives.dll
0x00007ffb77df0000 - 0x00007ffb77e19000 	C:\Program Files\Android\Android Studio\jre\bin\java.dll
0x00007ffb82200000 - 0x00007ffb8220b000 	C:\Program Files\Android\Android Studio\jre\bin\jimage.dll
0x00007ffb80400000 - 0x00007ffb80418000 	C:\Program Files\Android\Android Studio\jre\bin\zip.dll
0x00007ffb8d190000 - 0x00007ffb8d8d4000 	C:\Windows\System32\SHELL32.dll
0x00007ffb893a0000 - 0x00007ffb89b32000 	C:\Windows\SYSTEM32\windows.storage.dll
0x00007ffb8cd60000 - 0x00007ffb8d0b5000 	C:\Windows\System32\combase.dll
0x00007ffb8acf0000 - 0x00007ffb8ad20000 	C:\Windows\SYSTEM32\Wldp.dll
0x00007ffb8bf00000 - 0x00007ffb8bfad000 	C:\Windows\System32\SHCORE.dll
0x00007ffb8bcf0000 - 0x00007ffb8bd45000 	C:\Windows\System32\shlwapi.dll
0x00007ffb8b240000 - 0x00007ffb8b25f000 	C:\Windows\SYSTEM32\profapi.dll
0x00007ffb77180000 - 0x00007ffb7719a000 	C:\Program Files\Android\Android Studio\jre\bin\net.dll
0x00007ffb79260000 - 0x00007ffb7936c000 	C:\Windows\SYSTEM32\WINHTTP.dll
0x00007ffb8a9e0000 - 0x00007ffb8aa4a000 	C:\Windows\system32\mswsock.dll
0x00007ffb77160000 - 0x00007ffb77174000 	C:\Program Files\Android\Android Studio\jre\bin\nio.dll
0x00007ffb816d0000 - 0x00007ffb816f7000 	C:\Users\PC\.gradle\native\e1d6ef7f7dcc3fd88c89a11ec53ec762bb8ba0a96d01ffa2cd45eb1d1d8dd5c5\windows-amd64\native-platform.dll
0x00007ffb775b0000 - 0x00007ffb776f4000 	C:\Users\PC\.gradle\native\0d407fdbe67a94daf76414ababcb853783967236a71b16ec16e742cd7a986fd3\windows-amd64\native-platform-file-events.dll
0x00007ffb81c70000 - 0x00007ffb81c7a000 	C:\Program Files\Android\Android Studio\jre\bin\management.dll
0x00007ffb81c30000 - 0x00007ffb81c3d000 	C:\Program Files\Android\Android Studio\jre\bin\management_ext.dll
0x00007ffb8abe0000 - 0x00007ffb8abf8000 	C:\Windows\SYSTEM32\CRYPTSP.dll
0x00007ffb8a300000 - 0x00007ffb8a334000 	C:\Windows\system32\rsaenh.dll
0x00007ffb8b4d0000 - 0x00007ffb8b4f7000 	C:\Windows\System32\bcrypt.dll
0x00007ffb8b200000 - 0x00007ffb8b22e000 	C:\Windows\SYSTEM32\USERENV.dll
0x00007ffb8abd0000 - 0x00007ffb8abdc000 	C:\Windows\SYSTEM32\CRYPTBASE.dll
0x00007ffb8a6d0000 - 0x00007ffb8a70b000 	C:\Windows\SYSTEM32\IPHLPAPI.DLL
0x00007ffb8c390000 - 0x00007ffb8c398000 	C:\Windows\System32\NSI.dll
0x00007ffb7ded0000 - 0x00007ffb7dee7000 	C:\Windows\SYSTEM32\dhcpcsvc6.DLL
0x00007ffb7deb0000 - 0x00007ffb7decd000 	C:\Windows\SYSTEM32\dhcpcsvc.DLL
0x00007ffb8a710000 - 0x00007ffb8a7da000 	C:\Windows\SYSTEM32\DNSAPI.dll

dbghelp: loaded successfully - version: 4.0.5 - missing functions: none
symbol engine: initialized successfully - sym options: 0x614 - pdb path: .;C:\Program Files\Android\Android Studio\jre\bin;C:\Windows\SYSTEM32;C:\Windows\WinSxS\amd64_microsoft.windows.common-controls_6595b64144ccf1df_6.0.19041.1110_none_60b5254171f9507e;C:\Program Files\Android\Android Studio\jre\bin\server;C:\Users\PC\.gradle\native\e1d6ef7f7dcc3fd88c89a11ec53ec762bb8ba0a96d01ffa2cd45eb1d1d8dd5c5\windows-amd64;C:\Users\PC\.gradle\native\0d407fdbe67a94daf76414ababcb853783967236a71b16ec16e742cd7a986fd3\windows-amd64

VM Arguments:
jvm_args: --add-opens=java.base/java.util=ALL-UNNAMED --add-opens=java.base/java.lang=ALL-UNNAMED --add-opens=java.base/java.lang.invoke=ALL-UNNAMED --add-opens=java.base/java.util=ALL-UNNAMED --add-opens=java.prefs/java.util.prefs=ALL-UNNAMED --add-opens=java.prefs/java.util.prefs=ALL-UNNAMED --add-opens=java.base/java.nio.charset=ALL-UNNAMED --add-opens=java.base/java.net=ALL-UNNAMED --add-opens=java.base/java.util.concurrent.atomic=ALL-UNNAMED -Xmx2048m -Dfile.encoding=UTF-8 -Duser.country=US -Duser.language=en -Duser.variant 
java_command: org.gradle.launcher.daemon.bootstrap.GradleDaemon 7.4
java_class_path (initial): C:\Users\PC\.gradle\wrapper\dists\gradle-7.4-bin\c0gwcg53nkjbqw7r0h0umtfvt\gradle-7.4\lib\gradle-launcher-7.4.jar
Launcher Type: SUN_STANDARD

[Global flags]
     intx CICompilerCount                          = 3                                         {product} {ergonomic}
     uint ConcGCThreads                            = 1                                         {product} {ergonomic}
     uint G1ConcRefinementThreads                  = 4                                         {product} {ergonomic}
   size_t G1HeapRegionSize                         = 1048576                                   {product} {ergonomic}
    uintx GCDrainStackTargetSize                   = 64                                        {product} {ergonomic}
   size_t InitialHeapSize                          = 134217728                                 {product} {ergonomic}
   size_t MarkStackSize                            = 4194304                                   {product} {ergonomic}
   size_t MaxHeapSize                              = 2147483648                                {product} {command line}
   size_t MaxNewSize                               = 1287651328                                {product} {ergonomic}
   size_t MinHeapDeltaBytes                        = 1048576                                   {product} {ergonomic}
    uintx NonNMethodCodeHeapSize                   = 5830732                                {pd product} {ergonomic}
    uintx NonProfiledCodeHeapSize                  = 122913754                              {pd product} {ergonomic}
    uintx ProfiledCodeHeapSize                     = 122913754                              {pd product} {ergonomic}
    uintx ReservedCodeCacheSize                    = 251658240                              {pd product} {ergonomic}
     bool SegmentedCodeCache                       = true                                      {product} {ergonomic}
     bool UseCompressedClassPointers               = true                                 {lp64_product} {ergonomic}
     bool UseCompressedOops                        = true                                 {lp64_product} {ergonomic}
     bool UseG1GC                                  = true                                      {product} {ergonomic}
     bool UseLargePagesIndividualAllocation        = false                                  {pd product} {ergonomic}

Logging:
Log output configuration:
 #0: stdout all=warning uptime,level,tags
 #1: stderr all=off uptime,level,tags

Environment Variables:
JAVA_HOME=C:\Program Files\Java\jdk-19
PATH=C:\Program Files\Common Files\Oracle\Java\javapath;C:\Windows\system32;C:\Windows;C:\Windows\System32\Wbem;C:\Windows\System32\WindowsPowerShell\v1.0\;C:\Windows\System32\OpenSSH\;C:\Program Files\dotnet\;C:\Program Files\Microsoft SQL Server\Client SDK\ODBC\170\Tools\Binn\;C:\Program Files (x86)\Intel\Intel(R) Management Engine Components\DAL;C:\Program Files\Intel\Intel(R) Management Engine Components\DAL;C:\Users\PC\AppData\Local\Programs\Python\Python310\;C:\Program Files\nodejs\;C:\Program Files\Git\cmd;C:\Program Files\Java\jdk-19\bin;C:\Program Files\Microsoft SQL Server\130\Tools\Binn\;C:\Program Files\Microsoft SQL Server\150\Tools\Binn\;C:\Program Files (x86)\Microsoft SQL Server\150\Tools\Binn\;C:\Program Files\Microsoft SQL Server\150\DTS\Binn\;C:\Program Files (x86)\Microsoft SQL Server\150\DTS\Binn\;C:\Program Files\Azure Data Studio\bin;C:\sqlite;C:\Users\PC\AppData\Local\Microsoft\WindowsApps;C:\Users\PC\.dotnet\tools;C:\Program Files\JetBrains\IntelliJ IDEA Community Edition 2021.2.2\bin;C:\Users\PC\AppData\Local\atom\bin;C:\Program Files (x86)\SSH Communications Security\SSH Secure Shell;C:\Users\PC\AppData\Local\Programs\Python\Python310\;C:\Users\PC\AppData\Local\Programs\Python\Python310\Scripts;C:\Users\PC\AppData\Local\Programs\Microsoft VS Code\bin;C:\Users\PC\AppData\Roaming\npm;C:\Users\PC\AppData\Local\GitHubDesktop\bin;C:\Program Files\heroku\bin;C:\Program Files\Java\jdk-19;C:\Program Files\Azure Data Studio\bin;C:\Users\PC\.dotnet\tools
USERNAME=PC
OS=Windows_NT
PROCESSOR_IDENTIFIER=Intel64 Family 6 Model 78 Stepping 3, GenuineIntel



---------------  S Y S T E M  ---------------

OS: Windows 10 , 64 bit Build 19041 (10.0.19041.2364)
OS uptime: 6 days 9:02 hours

CPU:total 4 (initial active 4) (2 cores per cpu, 2 threads per core) family 6 model 78 stepping 3 microcode 0xcc, cmov, cx8, fxsr, mmx, sse, sse2, sse3, ssse3, sse4.1, sse4.2, popcnt, avx, avx2, aes, clmul, erms, rtm, 3dnowpref, lzcnt, ht, tsc, tscinvbit, bmi1, bmi2, adx, fma

Memory: 4k page, system-wide physical 8072M (701M free)
TotalPageFile size 10120M (AvailPageFile size 4M)
current process WorkingSet (physical memory assigned to process): 429M, peak: 429M
current process commit charge ("private bytes"): 462M, peak: 463M

vm_info: OpenJDK 64-Bit Server VM (11.0.13+0-b1751.21-8125866) for windows-amd64 JRE (11.0.13+0-b1751.21-8125866), built on Feb  2 2022 03:00:22 by "builder" with MS VC++ 14.0 (VS2015)

END.
