#
# There is insufficient memory for the Java Runtime Environment to continue.
# Native memory allocation (malloc) failed to allocate 1565936 bytes for Chunk::new
# Possible reasons:
#   The system is out of physical RAM or swap space
#   The process is running with CompressedOops enabled, and the Java Heap may be blocking the growth of the native heap
# Possible solutions:
#   Reduce memory load on the system
#   Increase physical memory or swap space
#   Check if swap backing store is full
#   Decrease Java heap size (-Xmx/-Xms)
#   Decrease number of Java threads
#   Decrease Java thread stack sizes (-Xss)
#   Set larger code cache with -XX:ReservedCodeCacheSize=
#   JVM is running with Unscaled Compressed Oops mode in which the Java heap is
#     placed in the first 4GB address space. The Java Heap base address is the
#     maximum limit for the native heap growth. Please use -XX:HeapBaseMinAddress
#     to set the Java Heap base and to place the Java Heap above 4GB virtual address.
# This output file may be truncated or incomplete.
#
#  Out of Memory Error (./src/hotspot/share/memory/arena.cpp:197), pid=1732, tid=6468
#
# JRE version: OpenJDK Runtime Environment (11.0.13) (build 11.0.13+0-b1751.21-8125866)
# Java VM: OpenJDK 64-Bit Server VM (11.0.13+0-b1751.21-8125866, mixed mode, tiered, compressed oops, g1 gc, windows-amd64)
# No core dump will be written. Minidumps are not enabled by default on client versions of Windows
#

---------------  S U M M A R Y ------------

Command Line: --add-opens=java.base/java.util=ALL-UNNAMED --add-opens=java.base/java.lang=ALL-UNNAMED --add-opens=java.base/java.lang.invoke=ALL-UNNAMED --add-opens=java.base/java.util=ALL-UNNAMED --add-opens=java.prefs/java.util.prefs=ALL-UNNAMED --add-opens=java.prefs/java.util.prefs=ALL-UNNAMED --add-opens=java.base/java.nio.charset=ALL-UNNAMED --add-opens=java.base/java.net=ALL-UNNAMED --add-opens=java.base/java.util.concurrent.atomic=ALL-UNNAMED -Xmx2048m -Dfile.encoding=UTF-8 -Duser.country=US -Duser.language=en -Duser.variant org.gradle.launcher.daemon.bootstrap.GradleDaemon 7.4

Host: Intel(R) Core(TM) i5-6300U CPU @ 2.40GHz, 4 cores, 7G,  Windows 10 , 64 bit Build 19041 (10.0.19041.2364)
Time: Sun Feb  5 22:20:58 2023 Pakistan Standard Time elapsed time: 40.656435 seconds (0d 0h 0m 40s)

---------------  T H R E A D  ---------------

Current thread (0x0000023459721800):  JavaThread "C2 CompilerThread0" daemon [_thread_in_native, id=6468, stack(0x000000f0c0a00000,0x000000f0c0b00000)]


Current CompileTask:
C2:  40656 13006       4       sun.invoke.util.VerifyAccess::isClassAccessible (182 bytes)

Stack: [0x000000f0c0a00000,0x000000f0c0b00000]
Native frames: (J=compiled Java code, j=interpreted, Vv=VM code, C=native code)
V  [jvm.dll+0x6100fa]
V  [jvm.dll+0x747090]
V  [jvm.dll+0x7486ad]
V  [jvm.dll+0x748d83]
V  [jvm.dll+0x24ab48]
V  [jvm.dll+0xc04dc]
V  [jvm.dll+0xc0a0c]
V  [jvm.dll+0x35eb5b]
V  [jvm.dll+0x32b833]
V  [jvm.dll+0x32ad2a]
V  [jvm.dll+0x2032b2]
V  [jvm.dll+0x202437]
V  [jvm.dll+0x188e01]
V  [jvm.dll+0x21106b]
V  [jvm.dll+0x20f8c1]
V  [jvm.dll+0x70de0f]
V  [jvm.dll+0x706a75]
V  [jvm.dll+0x60ed66]
C  [ucrtbase.dll+0x21bb2]
C  [KERNEL32.DLL+0x17614]
C  [ntdll.dll+0x526a1]


---------------  P R O C E S S  ---------------

Threads class SMR info:
_java_thread_list=0x000002345f571200, length=98, elements={
0x000002343dba6800, 0x00000234596f1800, 0x00000234596f5000, 0x000002345970f800,
0x0000023459712800, 0x0000023459715800, 0x0000023459721800, 0x0000023459723000,
0x0000023459726000, 0x000002345a1d8000, 0x000002345c31b800, 0x000002345be5b000,
0x000002345d1f9800, 0x000002345c84c800, 0x000002345b13d000, 0x000002345a518800,
0x000002345ace9800, 0x000002345c3e5800, 0x000002345c3e6800, 0x000002345cb11800,
0x000002345c71d000, 0x000002345c71c000, 0x000002345c71b000, 0x000002345c71d800,
0x000002345c71e800, 0x000002345c71f800, 0x000002345c71a800, 0x000002345c720000,
0x000002345c721000, 0x000002345ca03800, 0x000002345ca02800, 0x000002345ca00000,
0x000002345ca02000, 0x000002345ca08800, 0x000002345ca0a000, 0x000002345ca0b000,
0x000002345ca07800, 0x000002345ca07000, 0x000002345ca06000, 0x000002345ca05000,
0x000002345ca0c800, 0x000002345ca0b800, 0x000002345ef31000, 0x000002345ef35800,
0x000002345ef37000, 0x000002345ef33000, 0x000002345ef33800, 0x000002345ef32000,
0x000002345ef37800, 0x000002345ef38800, 0x000002345ef39800, 0x000002345ef3a000,
0x000002345ef36000, 0x000002345ef34800, 0x000002345ef3d800, 0x000002345ef3e800,
0x000002345ef40000, 0x000002345ef3c800, 0x000002345ef3b000, 0x000002345ef3f000,
0x000002345ef3c000, 0x0000023460d46000, 0x0000023460d44800, 0x0000023460d40800,
0x0000023460d45000, 0x0000023460d41000, 0x0000023460d47800, 0x0000023460d42800,
0x0000023460d43800, 0x0000023460d47000, 0x0000023460d42000, 0x0000023460d4a000,
0x0000023460d4b000, 0x0000023460d4c800, 0x0000023460d48800, 0x0000023460d4d800,
0x0000023460d4e000, 0x0000023460d4f000, 0x0000023460d49800, 0x0000023461a34800,
0x0000023461a36000, 0x0000023461a38000, 0x0000023461a32000, 0x0000023461a37000,
0x0000023461a38800, 0x0000023461a33000, 0x0000023461a35800, 0x0000023461a39800,
0x0000023461a34000, 0x0000023461a3d000, 0x0000023461a40000, 0x0000023461a3a800,
0x0000023461a3b000, 0x0000023461a3d800, 0x0000023461a3e800, 0x000002345da2d800,
0x0000023461a41000, 0x0000023461a3f000
}

Java Threads: ( => current thread )
  0x000002343dba6800 JavaThread "main" [_thread_blocked, id=11656, stack(0x000000f0bfd00000,0x000000f0bfe00000)]
  0x00000234596f1800 JavaThread "Reference Handler" daemon [_thread_blocked, id=12504, stack(0x000000f0c0400000,0x000000f0c0500000)]
  0x00000234596f5000 JavaThread "Finalizer" daemon [_thread_blocked, id=15588, stack(0x000000f0c0500000,0x000000f0c0600000)]
  0x000002345970f800 JavaThread "Signal Dispatcher" daemon [_thread_blocked, id=16448, stack(0x000000f0c0700000,0x000000f0c0800000)]
  0x0000023459712800 JavaThread "Attach Listener" daemon [_thread_blocked, id=3832, stack(0x000000f0c0800000,0x000000f0c0900000)]
  0x0000023459715800 JavaThread "Service Thread" daemon [_thread_blocked, id=11868, stack(0x000000f0c0900000,0x000000f0c0a00000)]
=>0x0000023459721800 JavaThread "C2 CompilerThread0" daemon [_thread_in_native, id=6468, stack(0x000000f0c0a00000,0x000000f0c0b00000)]
  0x0000023459723000 JavaThread "C1 CompilerThread0" daemon [_thread_blocked, id=6888, stack(0x000000f0c0b00000,0x000000f0c0c00000)]
  0x0000023459726000 JavaThread "Sweeper thread" daemon [_thread_blocked, id=5784, stack(0x000000f0c0c00000,0x000000f0c0d00000)]
  0x000002345a1d8000 JavaThread "Common-Cleaner" daemon [_thread_blocked, id=17340, stack(0x000000f0c0d00000,0x000000f0c0e00000)]
  0x000002345c31b800 JavaThread "Daemon health stats" [_thread_blocked, id=340, stack(0x000000f0c1200000,0x000000f0c1300000)]
  0x000002345be5b000 JavaThread "Incoming local TCP Connector on port 3033" [_thread_in_native, id=3452, stack(0x000000f0c0f00000,0x000000f0c1000000)]
  0x000002345d1f9800 JavaThread "Daemon periodic checks" [_thread_blocked, id=12556, stack(0x000000f0c1300000,0x000000f0c1400000)]
  0x000002345c84c800 JavaThread "Daemon" [_thread_blocked, id=13028, stack(0x000000f0c1400000,0x000000f0c1500000)]
  0x000002345b13d000 JavaThread "Handler for socket connection from /127.0.0.1:3033 to /127.0.0.1:3034" [_thread_in_native, id=12400, stack(0x000000f0c1500000,0x000000f0c1600000)]
  0x000002345a518800 JavaThread "Cancel handler" [_thread_blocked, id=15296, stack(0x000000f0c1700000,0x000000f0c1800000)]
  0x000002345ace9800 JavaThread "Daemon worker" [_thread_blocked, id=11408, stack(0x000000f0c1800000,0x000000f0c1900000)]
  0x000002345c3e5800 JavaThread "Asynchronous log dispatcher for DefaultDaemonConnection: socket connection from /127.0.0.1:3033 to /127.0.0.1:3034" [_thread_blocked, id=12820, stack(0x000000f0c1900000,0x000000f0c1a00000)]
  0x000002345c3e6800 JavaThread "Stdin handler" [_thread_blocked, id=15336, stack(0x000000f0c1a00000,0x000000f0c1b00000)]
  0x000002345cb11800 JavaThread "Daemon client event forwarder" [_thread_blocked, id=2188, stack(0x000000f0c1b00000,0x000000f0c1c00000)]
  0x000002345c71d000 JavaThread "Cache worker for journal cache (C:\Users\PC\.gradle\caches\journal-1)" [_thread_blocked, id=1996, stack(0x000000f0c1c00000,0x000000f0c1d00000)]
  0x000002345c71c000 JavaThread "File lock request listener" [_thread_in_native, id=3352, stack(0x000000f0c1d00000,0x000000f0c1e00000)]
  0x000002345c71b000 JavaThread "Cache worker for file hash cache (C:\Users\PC\.gradle\caches\7.4\fileHashes)" [_thread_blocked, id=5144, stack(0x000000f0c1e00000,0x000000f0c1f00000)]
  0x000002345c71d800 JavaThread "File watcher server" daemon [_thread_in_native, id=12596, stack(0x000000f0c2000000,0x000000f0c2100000)]
  0x000002345c71e800 JavaThread "File watcher consumer" daemon [_thread_blocked, id=10916, stack(0x000000f0c2100000,0x000000f0c2200000)]
  0x000002345c71f800 JavaThread "Cache worker for checksums cache (E:\Programs\MC\MadrissaSabak\.gradle\7.4\checksums)" [_thread_blocked, id=8344, stack(0x000000f0c2200000,0x000000f0c2300000)]
  0x000002345c71a800 JavaThread "Cache worker for cache directory md-rule (C:\Users\PC\.gradle\caches\7.4\md-rule)" [_thread_blocked, id=15372, stack(0x000000f0c2300000,0x000000f0c2400000)]
  0x000002345c720000 JavaThread "Cache worker for file hash cache (E:\Programs\MC\MadrissaSabak\.gradle\7.4\fileHashes)" [_thread_blocked, id=12344, stack(0x000000f0c2400000,0x000000f0c2500000)]
  0x000002345c721000 JavaThread "Cache worker for cache directory md-supplier (C:\Users\PC\.gradle\caches\7.4\md-supplier)" [_thread_blocked, id=5424, stack(0x000000f0c2500000,0x000000f0c2600000)]
  0x000002345ca03800 JavaThread "Cache worker for execution history cache (C:\Users\PC\.gradle\caches\7.4\executionHistory)" [_thread_blocked, id=7624, stack(0x000000f0c2600000,0x000000f0c2700000)]
  0x000002345ca02800 JavaThread "jar transforms" [_thread_blocked, id=4668, stack(0x000000f0c2700000,0x000000f0c2800000)]
  0x000002345ca00000 JavaThread "Cache worker for file content cache (C:\Users\PC\.gradle\caches\7.4\fileContent)" [_thread_blocked, id=8668, stack(0x000000f0c2800000,0x000000f0c2900000)]
  0x000002345ca02000 JavaThread "jar transforms Thread 2" [_thread_blocked, id=14596, stack(0x000000f0c2900000,0x000000f0c2a00000)]
  0x000002345ca08800 JavaThread "Cache worker for dependencies-accessors (E:\Programs\MC\MadrissaSabak\.gradle\7.4\dependencies-accessors)" [_thread_blocked, id=6340, stack(0x000000f0c2a00000,0x000000f0c2b00000)]
  0x000002345ca0a000 JavaThread "jar transforms Thread 3" [_thread_blocked, id=6116, stack(0x000000f0c2b00000,0x000000f0c2c00000)]
  0x000002345ca0b000 JavaThread "Cache worker for Build Output Cleanup Cache (E:\Programs\MC\MadrissaSabak\.gradle\buildOutputCleanup)" [_thread_blocked, id=6792, stack(0x000000f0c2c00000,0x000000f0c2d00000)]
  0x000002345ca07800 JavaThread "Unconstrained build operations" [_thread_blocked, id=4160, stack(0x000000f0c2d00000,0x000000f0c2e00000)]
  0x000002345ca07000 JavaThread "Unconstrained build operations Thread 2" [_thread_blocked, id=15812, stack(0x000000f0c2e00000,0x000000f0c2f00000)]
  0x000002345ca06000 JavaThread "Unconstrained build operations Thread 3" [_thread_blocked, id=8944, stack(0x000000f0c2f00000,0x000000f0c3000000)]
  0x000002345ca05000 JavaThread "Unconstrained build operations Thread 4" [_thread_blocked, id=1976, stack(0x000000f0c3000000,0x000000f0c3100000)]
  0x000002345ca0c800 JavaThread "Unconstrained build operations Thread 5" [_thread_blocked, id=8312, stack(0x000000f0c3100000,0x000000f0c3200000)]
  0x000002345ca0b800 JavaThread "Unconstrained build operations Thread 6" [_thread_blocked, id=3404, stack(0x000000f0c3200000,0x000000f0c3300000)]
  0x000002345ef31000 JavaThread "Unconstrained build operations Thread 7" [_thread_blocked, id=6700, stack(0x000000f0c3300000,0x000000f0c3400000)]
  0x000002345ef35800 JavaThread "Unconstrained build operations Thread 8" [_thread_blocked, id=4236, stack(0x000000f0c3400000,0x000000f0c3500000)]
  0x000002345ef37000 JavaThread "Unconstrained build operations Thread 9" [_thread_blocked, id=14900, stack(0x000000f0c3500000,0x000000f0c3600000)]
  0x000002345ef33000 JavaThread "Unconstrained build operations Thread 10" [_thread_blocked, id=6524, stack(0x000000f0c3600000,0x000000f0c3700000)]
  0x000002345ef33800 JavaThread "Unconstrained build operations Thread 11" [_thread_blocked, id=4852, stack(0x000000f0c3700000,0x000000f0c3800000)]
  0x000002345ef32000 JavaThread "Unconstrained build operations Thread 12" [_thread_blocked, id=5804, stack(0x000000f0c3800000,0x000000f0c3900000)]
  0x000002345ef37800 JavaThread "Unconstrained build operations Thread 13" [_thread_blocked, id=14468, stack(0x000000f0c3900000,0x000000f0c3a00000)]
  0x000002345ef38800 JavaThread "Unconstrained build operations Thread 14" [_thread_blocked, id=872, stack(0x000000f0c3a00000,0x000000f0c3b00000)]
  0x000002345ef39800 JavaThread "Unconstrained build operations Thread 15" [_thread_blocked, id=15564, stack(0x000000f0c3b00000,0x000000f0c3c00000)]
  0x000002345ef3a000 JavaThread "Unconstrained build operations Thread 16" [_thread_blocked, id=11296, stack(0x000000f0c3c00000,0x000000f0c3d00000)]
  0x000002345ef36000 JavaThread "Unconstrained build operations Thread 17" [_thread_blocked, id=10700, stack(0x000000f0c3d00000,0x000000f0c3e00000)]
  0x000002345ef34800 JavaThread "Unconstrained build operations Thread 18" [_thread_blocked, id=916, stack(0x000000f0c3e00000,0x000000f0c3f00000)]
  0x000002345ef3d800 JavaThread "Unconstrained build operations Thread 19" [_thread_blocked, id=16900, stack(0x000000f0c3f00000,0x000000f0c4000000)]
  0x000002345ef3e800 JavaThread "Unconstrained build operations Thread 20" [_thread_blocked, id=2468, stack(0x000000f0c4000000,0x000000f0c4100000)]
  0x000002345ef40000 JavaThread "Unconstrained build operations Thread 21" [_thread_blocked, id=11844, stack(0x000000f0c4100000,0x000000f0c4200000)]
  0x000002345ef3c800 JavaThread "Unconstrained build operations Thread 22" [_thread_blocked, id=15580, stack(0x000000f0c4200000,0x000000f0c4300000)]
  0x000002345ef3b000 JavaThread "Unconstrained build operations Thread 23" [_thread_blocked, id=11316, stack(0x000000f0c4300000,0x000000f0c4400000)]
  0x000002345ef3f000 JavaThread "Unconstrained build operations Thread 24" [_thread_blocked, id=3092, stack(0x000000f0c4400000,0x000000f0c4500000)]
  0x000002345ef3c000 JavaThread "Unconstrained build operations Thread 25" [_thread_blocked, id=1616, stack(0x000000f0c4500000,0x000000f0c4600000)]
  0x0000023460d46000 JavaThread "Unconstrained build operations Thread 26" [_thread_blocked, id=6120, stack(0x000000f0c4600000,0x000000f0c4700000)]
  0x0000023460d44800 JavaThread "Unconstrained build operations Thread 27" [_thread_blocked, id=8696, stack(0x000000f0c4700000,0x000000f0c4800000)]
  0x0000023460d40800 JavaThread "Unconstrained build operations Thread 28" [_thread_blocked, id=10208, stack(0x000000f0c4800000,0x000000f0c4900000)]
  0x0000023460d45000 JavaThread "Unconstrained build operations Thread 29" [_thread_blocked, id=900, stack(0x000000f0c4900000,0x000000f0c4a00000)]
  0x0000023460d41000 JavaThread "Unconstrained build operations Thread 30" [_thread_blocked, id=16088, stack(0x000000f0c4a00000,0x000000f0c4b00000)]
  0x0000023460d47800 JavaThread "Unconstrained build operations Thread 31" [_thread_blocked, id=11128, stack(0x000000f0c4b00000,0x000000f0c4c00000)]
  0x0000023460d42800 JavaThread "Unconstrained build operations Thread 32" [_thread_blocked, id=15160, stack(0x000000f0c4c00000,0x000000f0c4d00000)]
  0x0000023460d43800 JavaThread "Unconstrained build operations Thread 33" [_thread_blocked, id=3692, stack(0x000000f0c4d00000,0x000000f0c4e00000)]
  0x0000023460d47000 JavaThread "Unconstrained build operations Thread 34" [_thread_blocked, id=17392, stack(0x000000f0c4e00000,0x000000f0c4f00000)]
  0x0000023460d42000 JavaThread "Unconstrained build operations Thread 35" [_thread_blocked, id=5912, stack(0x000000f0c4f00000,0x000000f0c5000000)]
  0x0000023460d4a000 JavaThread "Unconstrained build operations Thread 36" [_thread_blocked, id=5480, stack(0x000000f0c5000000,0x000000f0c5100000)]
  0x0000023460d4b000 JavaThread "Unconstrained build operations Thread 37" [_thread_blocked, id=6816, stack(0x000000f0c5100000,0x000000f0c5200000)]
  0x0000023460d4c800 JavaThread "Unconstrained build operations Thread 38" [_thread_blocked, id=2860, stack(0x000000f0c5200000,0x000000f0c5300000)]
  0x0000023460d48800 JavaThread "Unconstrained build operations Thread 39" [_thread_blocked, id=2072, stack(0x000000f0c5300000,0x000000f0c5400000)]
  0x0000023460d4d800 JavaThread "Unconstrained build operations Thread 40" [_thread_blocked, id=12544, stack(0x000000f0c5400000,0x000000f0c5500000)]
  0x0000023460d4e000 JavaThread "jar transforms Thread 4" [_thread_blocked, id=13932, stack(0x000000f0c5500000,0x000000f0c5600000)]
  0x0000023460d4f000 JavaThread "Memory manager" [_thread_blocked, id=3396, stack(0x000000f0c5600000,0x000000f0c5700000)]
  0x0000023460d49800 JavaThread "build event listener" [_thread_blocked, id=1924, stack(0x000000f0c5700000,0x000000f0c5800000)]
  0x0000023461a34800 JavaThread "included builds" [_thread_blocked, id=15788, stack(0x000000f0c5800000,0x000000f0c5900000)]
  0x0000023461a36000 JavaThread "Execution worker for ':'" [_thread_blocked, id=7876, stack(0x000000f0c5900000,0x000000f0c5a00000)]
  0x0000023461a38000 JavaThread "Execution worker for ':' Thread 2" [_thread_blocked, id=3896, stack(0x000000f0c5a00000,0x000000f0c5b00000)]
  0x0000023461a32000 JavaThread "Execution worker for ':' Thread 3" [_thread_blocked, id=2292, stack(0x000000f0c5b00000,0x000000f0c5c00000)]
  0x0000023461a37000 JavaThread "Cache worker for execution history cache (E:\Programs\MC\MadrissaSabak\.gradle\7.4\executionHistory)" [_thread_blocked, id=17212, stack(0x000000f0c5c00000,0x000000f0c5d00000)]
  0x0000023461a38800 JavaThread "WorkerExecutor Queue" [_thread_blocked, id=12768, stack(0x000000f0c5d00000,0x000000f0c5e00000)]
  0x0000023461a33000 JavaThread "WorkerExecutor Queue Thread 2" [_thread_blocked, id=11224, stack(0x000000f0c5e00000,0x000000f0c5f00000)]
  0x0000023461a35800 JavaThread "WorkerExecutor Queue Thread 3" [_thread_blocked, id=812, stack(0x000000f0c5f00000,0x000000f0c6000000)]
  0x0000023461a39800 JavaThread "pool-3-thread-1" [_thread_blocked, id=13572, stack(0x000000f0c1f00000,0x000000f0c2000000)]
  0x0000023461a34000 JavaThread "stderr" [_thread_in_native, id=9848, stack(0x000000f0c6000000,0x000000f0c6100000)]
  0x0000023461a3d000 JavaThread "stdout" [_thread_in_native, id=14828, stack(0x000000f0c6100000,0x000000f0c6200000)]
  0x0000023461a40000 JavaThread "Cache worker for Java compile cache (C:\Users\PC\.gradle\caches\7.4\javaCompile)" [_thread_blocked, id=5708, stack(0x000000f0c6500000,0x000000f0c6600000)]
  0x0000023461a3a800 JavaThread "Build operations" [_thread_blocked, id=15024, stack(0x000000f0c6600000,0x000000f0c6700000)]
  0x0000023461a3b000 JavaThread "Build operations Thread 2" [_thread_blocked, id=15700, stack(0x000000f0c6700000,0x000000f0c6800000)]
  0x0000023461a3d800 JavaThread "Build operations Thread 3" [_thread_blocked, id=11360, stack(0x000000f0c6800000,0x000000f0c6900000)]
  0x0000023461a3e800 JavaThread "Build operations Thread 4" [_thread_blocked, id=11136, stack(0x000000f0c6900000,0x000000f0c6a00000)]
  0x000002345da2d800 JavaThread "C2 CompilerThread1" daemon [_thread_blocked, id=1160, stack(0x000000f0c6400000,0x000000f0c6500000)]
  0x0000023461a41000 JavaThread "WorkerExecutor Queue Thread 4" [_thread_blocked, id=17272, stack(0x000000f0c6a00000,0x000000f0c6b00000)]
  0x0000023461a3f000 JavaThread "WorkerExecutor Queue Thread 5" [_thread_blocked, id=15612, stack(0x000000f0c6b00000,0x000000f0c6c00000)]

Other Threads:
  0x00000234596ed000 VMThread "VM Thread" [stack: 0x000000f0c0300000,0x000000f0c0400000] [id=15080]
  0x000002345a203000 WatcherThread [stack: 0x000000f0c0e00000,0x000000f0c0f00000] [id=16464]
  0x000002343dbb9000 GCTaskThread "GC Thread#0" [stack: 0x000000f0bfe00000,0x000000f0bff00000] [id=10360]
  0x000002345ac36000 GCTaskThread "GC Thread#1" [stack: 0x000000f0c1000000,0x000000f0c1100000] [id=16076]
  0x000002345aa20000 GCTaskThread "GC Thread#2" [stack: 0x000000f0c1100000,0x000000f0c1200000] [id=9032]
  0x000002345c12d800 GCTaskThread "GC Thread#3" [stack: 0x000000f0c1600000,0x000000f0c1700000] [id=9796]
  0x000002343dbeb000 ConcurrentGCThread "G1 Main Marker" [stack: 0x000000f0bff00000,0x000000f0c0000000] [id=13532]
  0x000002343dbec000 ConcurrentGCThread "G1 Conc#0" [stack: 0x000000f0c0000000,0x000000f0c0100000] [id=10848]
  0x000002343dc7b000 ConcurrentGCThread "G1 Refine#0" [stack: 0x000000f0c0100000,0x000000f0c0200000] [id=10520]
  0x000002343dc7c800 ConcurrentGCThread "G1 Young RemSet Sampling" [stack: 0x000000f0c0200000,0x000000f0c0300000] [id=12488]

Threads with active compile tasks:
C2 CompilerThread0  40690 13006       4       sun.invoke.util.VerifyAccess::isClassAccessible (182 bytes)
C2 CompilerThread1  40690 13092       4       java.util.zip.ZipFile$InflaterCleanupAction::run (12 bytes)

VM state:at safepoint (normal execution)

VM Mutex/Monitor currently owned by a thread:  ([mutex/lock_event])
[0x000002343dba0970] Threads_lock - owner thread: 0x00000234596ed000
[0x000002343dba1030] Heap_lock - owner thread: 0x0000023461a38800

Heap address: 0x0000000080000000, size: 2048 MB, Compressed Oops mode: 32-bit
Narrow klass base: 0x0000000000000000, Narrow klass shift: 3
Compressed class space size: 1073741824 Address: 0x0000000100000000

Heap:
 garbage-first heap   total 189440K, used 107647K [0x0000000080000000, 0x0000000100000000)
  region size 1024K, 2 young (2048K), 1 survivors (1024K)
 Metaspace       used 108799K, capacity 111733K, committed 111868K, reserved 1153024K
  class space    used 13981K, capacity 15144K, committed 15148K, reserved 1048576K
Heap Regions: E=young(eden), S=young(survivor), O=old, HS=humongous(starts), HC=humongous(continues), CS=collection set, F=free, A=archive, TAMS=top-at-mark-start (previous, next)
|   0|0x0000000080000000, 0x0000000080100000, 0x0000000080100000|100%|HS|  |TAMS 0x0000000080100000, 0x0000000080100000| Complete 
|   1|0x0000000080100000, 0x0000000080200000, 0x0000000080200000|100%|HC|  |TAMS 0x0000000080200000, 0x0000000080200000| Complete 
|   2|0x0000000080200000, 0x0000000080300000, 0x0000000080300000|100%|HC|  |TAMS 0x0000000080300000, 0x0000000080300000| Complete 
|   3|0x0000000080300000, 0x0000000080400000, 0x0000000080400000|100%| O|  |TAMS 0x0000000080400000, 0x0000000080400000| Untracked 
|   4|0x0000000080400000, 0x0000000080500000, 0x0000000080500000|100%| O|  |TAMS 0x0000000080500000, 0x0000000080500000| Untracked 
|   5|0x0000000080500000, 0x0000000080600000, 0x0000000080600000|100%| O|  |TAMS 0x0000000080600000, 0x0000000080600000| Untracked 
|   6|0x0000000080600000, 0x0000000080700000, 0x0000000080700000|100%| O|  |TAMS 0x0000000080700000, 0x0000000080700000| Untracked 
|   7|0x0000000080700000, 0x0000000080800000, 0x0000000080800000|100%| O|  |TAMS 0x0000000080800000, 0x0000000080800000| Untracked 
|   8|0x0000000080800000, 0x0000000080900000, 0x0000000080900000|100%| O|  |TAMS 0x0000000080900000, 0x0000000080900000| Untracked 
|   9|0x0000000080900000, 0x0000000080a00000, 0x0000000080a00000|100%| O|  |TAMS 0x0000000080a00000, 0x0000000080a00000| Untracked 
|  10|0x0000000080a00000, 0x0000000080b00000, 0x0000000080b00000|100%| O|  |TAMS 0x0000000080b00000, 0x0000000080b00000| Untracked 
|  11|0x0000000080b00000, 0x0000000080c00000, 0x0000000080c00000|100%| O|  |TAMS 0x0000000080c00000, 0x0000000080c00000| Untracked 
|  12|0x0000000080c00000, 0x0000000080d00000, 0x0000000080d00000|100%| O|  |TAMS 0x0000000080d00000, 0x0000000080d00000| Untracked 
|  13|0x0000000080d00000, 0x0000000080e00000, 0x0000000080e00000|100%| O|  |TAMS 0x0000000080e00000, 0x0000000080e00000| Untracked 
|  14|0x0000000080e00000, 0x0000000080f00000, 0x0000000080f00000|100%| O|  |TAMS 0x0000000080f00000, 0x0000000080f00000| Untracked 
|  15|0x0000000080f00000, 0x0000000081000000, 0x0000000081000000|100%| O|  |TAMS 0x0000000081000000, 0x0000000081000000| Untracked 
|  16|0x0000000081000000, 0x0000000081100000, 0x0000000081100000|100%| O|  |TAMS 0x0000000081100000, 0x0000000081100000| Untracked 
|  17|0x0000000081100000, 0x0000000081200000, 0x0000000081200000|100%| O|  |TAMS 0x0000000081200000, 0x0000000081200000| Untracked 
|  18|0x0000000081200000, 0x0000000081300000, 0x0000000081300000|100%| O|  |TAMS 0x0000000081300000, 0x0000000081300000| Untracked 
|  19|0x0000000081300000, 0x0000000081400000, 0x0000000081400000|100%| O|  |TAMS 0x0000000081400000, 0x0000000081400000| Untracked 
|  20|0x0000000081400000, 0x0000000081500000, 0x0000000081500000|100%| O|  |TAMS 0x0000000081500000, 0x0000000081500000| Untracked 
|  21|0x0000000081500000, 0x0000000081600000, 0x0000000081600000|100%| O|  |TAMS 0x0000000081600000, 0x0000000081600000| Untracked 
|  22|0x0000000081600000, 0x0000000081700000, 0x0000000081700000|100%| O|  |TAMS 0x0000000081700000, 0x0000000081700000| Untracked 
|  23|0x0000000081700000, 0x0000000081800000, 0x0000000081800000|100%| O|  |TAMS 0x0000000081800000, 0x0000000081800000| Untracked 
|  24|0x0000000081800000, 0x0000000081900000, 0x0000000081900000|100%| O|  |TAMS 0x0000000081900000, 0x0000000081900000| Untracked 
|  25|0x0000000081900000, 0x0000000081a00000, 0x0000000081a00000|100%| O|  |TAMS 0x0000000081a00000, 0x0000000081a00000| Untracked 
|  26|0x0000000081a00000, 0x0000000081b00000, 0x0000000081b00000|100%|HS|  |TAMS 0x0000000081b00000, 0x0000000081b00000| Complete 
|  27|0x0000000081b00000, 0x0000000081c00000, 0x0000000081c00000|100%|HS|  |TAMS 0x0000000081c00000, 0x0000000081c00000| Complete 
|  28|0x0000000081c00000, 0x0000000081d00000, 0x0000000081d00000|100%| O|  |TAMS 0x0000000081d00000, 0x0000000081d00000| Untracked 
|  29|0x0000000081d00000, 0x0000000081e00000, 0x0000000081e00000|100%|HS|  |TAMS 0x0000000081e00000, 0x0000000081e00000| Complete 
|  30|0x0000000081e00000, 0x0000000081f00000, 0x0000000081f00000|100%|HC|  |TAMS 0x0000000081f00000, 0x0000000081f00000| Complete 
|  31|0x0000000081f00000, 0x0000000082000000, 0x0000000082000000|100%| O|  |TAMS 0x0000000082000000, 0x0000000082000000| Untracked 
|  32|0x0000000082000000, 0x0000000082100000, 0x0000000082100000|100%| O|  |TAMS 0x0000000082100000, 0x0000000082100000| Untracked 
|  33|0x0000000082100000, 0x0000000082200000, 0x0000000082200000|100%| O|  |TAMS 0x0000000082200000, 0x0000000082200000| Untracked 
|  34|0x0000000082200000, 0x0000000082300000, 0x0000000082300000|100%| O|  |TAMS 0x0000000082300000, 0x0000000082300000| Untracked 
|  35|0x0000000082300000, 0x0000000082400000, 0x0000000082400000|100%| O|  |TAMS 0x0000000082400000, 0x0000000082400000| Untracked 
|  36|0x0000000082400000, 0x0000000082500000, 0x0000000082500000|100%| O|  |TAMS 0x0000000082500000, 0x0000000082500000| Untracked 
|  37|0x0000000082500000, 0x0000000082600000, 0x0000000082600000|100%| O|  |TAMS 0x0000000082600000, 0x0000000082600000| Untracked 
|  38|0x0000000082600000, 0x0000000082700000, 0x0000000082700000|100%| O|  |TAMS 0x0000000082700000, 0x0000000082700000| Untracked 
|  39|0x0000000082700000, 0x0000000082800000, 0x0000000082800000|100%| O|  |TAMS 0x0000000082800000, 0x0000000082800000| Untracked 
|  40|0x0000000082800000, 0x0000000082900000, 0x0000000082900000|100%| O|  |TAMS 0x0000000082900000, 0x0000000082900000| Untracked 
|  41|0x0000000082900000, 0x0000000082a00000, 0x0000000082a00000|100%| O|  |TAMS 0x0000000082a00000, 0x0000000082a00000| Untracked 
|  42|0x0000000082a00000, 0x0000000082b00000, 0x0000000082b00000|100%| O|  |TAMS 0x0000000082b00000, 0x0000000082b00000| Untracked 
|  43|0x0000000082b00000, 0x0000000082c00000, 0x0000000082c00000|100%| O|  |TAMS 0x0000000082c00000, 0x0000000082c00000| Untracked 
|  44|0x0000000082c00000, 0x0000000082d00000, 0x0000000082d00000|100%| O|  |TAMS 0x0000000082d00000, 0x0000000082d00000| Untracked 
|  45|0x0000000082d00000, 0x0000000082e00000, 0x0000000082e00000|100%| O|  |TAMS 0x0000000082e00000, 0x0000000082e00000| Untracked 
|  46|0x0000000082e00000, 0x0000000082f00000, 0x0000000082f00000|100%| O|  |TAMS 0x0000000082f00000, 0x0000000082f00000| Untracked 
|  47|0x0000000082f00000, 0x0000000083000000, 0x0000000083000000|100%| O|  |TAMS 0x0000000083000000, 0x0000000083000000| Untracked 
|  48|0x0000000083000000, 0x0000000083100000, 0x0000000083100000|100%| O|  |TAMS 0x0000000083100000, 0x0000000083100000| Untracked 
|  49|0x0000000083100000, 0x0000000083200000, 0x0000000083200000|100%| O|  |TAMS 0x0000000083200000, 0x0000000083200000| Untracked 
|  50|0x0000000083200000, 0x0000000083300000, 0x0000000083300000|100%| O|  |TAMS 0x0000000083300000, 0x0000000083300000| Untracked 
|  51|0x0000000083300000, 0x0000000083400000, 0x0000000083400000|100%| O|  |TAMS 0x0000000083400000, 0x0000000083400000| Untracked 
|  52|0x0000000083400000, 0x0000000083500000, 0x0000000083500000|100%| O|  |TAMS 0x0000000083500000, 0x0000000083500000| Untracked 
|  53|0x0000000083500000, 0x0000000083600000, 0x0000000083600000|100%| O|  |TAMS 0x0000000083600000, 0x0000000083600000| Untracked 
|  54|0x0000000083600000, 0x0000000083700000, 0x0000000083700000|100%| O|  |TAMS 0x0000000083700000, 0x0000000083700000| Untracked 
|  55|0x0000000083700000, 0x0000000083800000, 0x0000000083800000|100%| O|  |TAMS 0x0000000083800000, 0x0000000083800000| Untracked 
|  56|0x0000000083800000, 0x0000000083900000, 0x0000000083900000|100%| O|  |TAMS 0x0000000083900000, 0x0000000083900000| Untracked 
|  57|0x0000000083900000, 0x0000000083a00000, 0x0000000083a00000|100%| O|  |TAMS 0x0000000083a00000, 0x0000000083a00000| Untracked 
|  58|0x0000000083a00000, 0x0000000083b00000, 0x0000000083b00000|100%| O|  |TAMS 0x0000000083b00000, 0x0000000083b00000| Untracked 
|  59|0x0000000083b00000, 0x0000000083b00000, 0x0000000083c00000|  0%| F|  |TAMS 0x0000000083b00000, 0x0000000083b00000| Untracked 
|  60|0x0000000083c00000, 0x0000000083d00000, 0x0000000083d00000|100%| O|  |TAMS 0x0000000083d00000, 0x0000000083d00000| Untracked 
|  61|0x0000000083d00000, 0x0000000083e00000, 0x0000000083e00000|100%| O|  |TAMS 0x0000000083e00000, 0x0000000083e00000| Untracked 
|  62|0x0000000083e00000, 0x0000000083f00000, 0x0000000083f00000|100%| O|  |TAMS 0x0000000083f00000, 0x0000000083f00000| Untracked 
|  63|0x0000000083f00000, 0x0000000084000000, 0x0000000084000000|100%| O|  |TAMS 0x0000000084000000, 0x0000000084000000| Untracked 
|  64|0x0000000084000000, 0x0000000084100000, 0x0000000084100000|100%| O|  |TAMS 0x0000000084100000, 0x0000000084100000| Untracked 
|  65|0x0000000084100000, 0x0000000084200000, 0x0000000084200000|100%| O|  |TAMS 0x0000000084200000, 0x0000000084200000| Untracked 
|  66|0x0000000084200000, 0x0000000084300000, 0x0000000084300000|100%| O|  |TAMS 0x0000000084200000, 0x0000000084300000| Untracked 
|  67|0x0000000084300000, 0x0000000084400000, 0x0000000084400000|100%| O|  |TAMS 0x0000000084400000, 0x0000000084400000| Untracked 
|  68|0x0000000084400000, 0x0000000084500000, 0x0000000084500000|100%| O|  |TAMS 0x0000000084500000, 0x0000000084500000| Untracked 
|  69|0x0000000084500000, 0x0000000084600000, 0x0000000084600000|100%| O|  |TAMS 0x0000000084600000, 0x0000000084600000| Untracked 
|  70|0x0000000084600000, 0x0000000084700000, 0x0000000084700000|100%| O|  |TAMS 0x0000000084700000, 0x0000000084700000| Untracked 
|  71|0x0000000084700000, 0x0000000084800000, 0x0000000084800000|100%| O|  |TAMS 0x0000000084800000, 0x0000000084800000| Untracked 
|  72|0x0000000084800000, 0x0000000084800000, 0x0000000084900000|  0%| F|  |TAMS 0x0000000084800000, 0x0000000084800000| Untracked 
|  73|0x0000000084900000, 0x0000000084900000, 0x0000000084a00000|  0%| F|  |TAMS 0x0000000084900000, 0x0000000084900000| Untracked 
|  74|0x0000000084a00000, 0x0000000084b00000, 0x0000000084b00000|100%| O|  |TAMS 0x0000000084a00000, 0x0000000084b00000| Untracked 
|  75|0x0000000084b00000, 0x0000000084c00000, 0x0000000084c00000|100%| O|  |TAMS 0x0000000084c00000, 0x0000000084c00000| Untracked 
|  76|0x0000000084c00000, 0x0000000084d00000, 0x0000000084d00000|100%| O|  |TAMS 0x0000000084d00000, 0x0000000084d00000| Untracked 
|  77|0x0000000084d00000, 0x0000000084e00000, 0x0000000084e00000|100%| O|  |TAMS 0x0000000084e00000, 0x0000000084e00000| Untracked 
|  78|0x0000000084e00000, 0x0000000084f00000, 0x0000000084f00000|100%| O|  |TAMS 0x0000000084f00000, 0x0000000084f00000| Untracked 
|  79|0x0000000084f00000, 0x0000000085000000, 0x0000000085000000|100%| O|  |TAMS 0x0000000085000000, 0x0000000085000000| Untracked 
|  80|0x0000000085000000, 0x0000000085100000, 0x0000000085100000|100%| O|  |TAMS 0x0000000085100000, 0x0000000085100000| Untracked 
|  81|0x0000000085100000, 0x0000000085200000, 0x0000000085200000|100%| O|  |TAMS 0x0000000085200000, 0x0000000085200000| Untracked 
|  82|0x0000000085200000, 0x0000000085300000, 0x0000000085300000|100%| O|  |TAMS 0x0000000085300000, 0x0000000085300000| Untracked 
|  83|0x0000000085300000, 0x0000000085400000, 0x0000000085400000|100%| O|  |TAMS 0x0000000085400000, 0x0000000085400000| Untracked 
|  84|0x0000000085400000, 0x0000000085500000, 0x0000000085500000|100%| O|  |TAMS 0x0000000085500000, 0x0000000085500000| Untracked 
|  85|0x0000000085500000, 0x0000000085600000, 0x0000000085600000|100%| O|  |TAMS 0x0000000085600000, 0x0000000085600000| Untracked 
|  86|0x0000000085600000, 0x0000000085700000, 0x0000000085700000|100%| O|  |TAMS 0x0000000085700000, 0x0000000085700000| Untracked 
|  87|0x0000000085700000, 0x0000000085800000, 0x0000000085800000|100%| O|  |TAMS 0x0000000085800000, 0x0000000085800000| Untracked 
|  88|0x0000000085800000, 0x0000000085900000, 0x0000000085900000|100%| O|  |TAMS 0x0000000085900000, 0x0000000085900000| Untracked 
|  89|0x0000000085900000, 0x0000000085a00000, 0x0000000085a00000|100%|HS|  |TAMS 0x0000000085a00000, 0x0000000085a00000| Complete 
|  90|0x0000000085a00000, 0x0000000085b00000, 0x0000000085b00000|100%|HC|  |TAMS 0x0000000085b00000, 0x0000000085b00000| Complete 
|  91|0x0000000085b00000, 0x0000000085c00000, 0x0000000085c00000|100%| O|  |TAMS 0x0000000085c00000, 0x0000000085c00000| Untracked 
|  92|0x0000000085c00000, 0x0000000085d00000, 0x0000000085d00000|100%| O|  |TAMS 0x0000000085d00000, 0x0000000085d00000| Untracked 
|  93|0x0000000085d00000, 0x0000000085e00000, 0x0000000085e00000|100%| O|  |TAMS 0x0000000085e00000, 0x0000000085e00000| Untracked 
|  94|0x0000000085e00000, 0x0000000085f00000, 0x0000000085f00000|100%| O|  |TAMS 0x0000000085f00000, 0x0000000085f00000| Untracked 
|  95|0x0000000085f00000, 0x0000000086000000, 0x0000000086000000|100%| O|  |TAMS 0x0000000086000000, 0x0000000086000000| Untracked 
|  96|0x0000000086000000, 0x0000000086100000, 0x0000000086100000|100%| O|  |TAMS 0x0000000086000000, 0x0000000086100000| Untracked 
|  97|0x0000000086100000, 0x0000000086200000, 0x0000000086200000|100%| O|  |TAMS 0x0000000086116800, 0x0000000086200000| Untracked 
|  98|0x0000000086200000, 0x0000000086300000, 0x0000000086300000|100%| O|  |TAMS 0x0000000086200000, 0x0000000086300000| Untracked 
|  99|0x0000000086300000, 0x0000000086400000, 0x0000000086400000|100%| O|  |TAMS 0x0000000086300000, 0x0000000086400000| Untracked 
| 100|0x0000000086400000, 0x0000000086500000, 0x0000000086500000|100%| O|  |TAMS 0x0000000086400000, 0x0000000086500000| Untracked 
| 101|0x0000000086500000, 0x0000000086600000, 0x0000000086600000|100%| O|  |TAMS 0x0000000086500000, 0x0000000086600000| Untracked 
| 102|0x0000000086600000, 0x0000000086700000, 0x0000000086700000|100%| O|  |TAMS 0x0000000086600000, 0x0000000086700000| Untracked 
| 103|0x0000000086700000, 0x0000000086800000, 0x0000000086800000|100%| O|  |TAMS 0x0000000086700000, 0x0000000086800000| Untracked 
| 104|0x0000000086800000, 0x0000000086900000, 0x0000000086900000|100%| O|  |TAMS 0x0000000086800000, 0x0000000086900000| Untracked 
| 105|0x0000000086900000, 0x0000000086a00000, 0x0000000086a00000|100%| O|  |TAMS 0x0000000086900000, 0x0000000086a00000| Untracked 
| 106|0x0000000086a00000, 0x0000000086b00000, 0x0000000086b00000|100%| O|  |TAMS 0x0000000086a00000, 0x0000000086b00000| Untracked 
| 107|0x0000000086b00000, 0x0000000086b95400, 0x0000000086c00000| 58%| O|  |TAMS 0x0000000086b00000, 0x0000000086b95400| Untracked 
| 108|0x0000000086c00000, 0x0000000086c00000, 0x0000000086d00000|  0%| F|  |TAMS 0x0000000086c00000, 0x0000000086c00000| Untracked 
| 109|0x0000000086d00000, 0x0000000086d00000, 0x0000000086e00000|  0%| F|  |TAMS 0x0000000086d00000, 0x0000000086d00000| Untracked 
| 110|0x0000000086e00000, 0x0000000086e00000, 0x0000000086f00000|  0%| F|  |TAMS 0x0000000086e00000, 0x0000000086e00000| Untracked 
| 111|0x0000000086f00000, 0x0000000086f00000, 0x0000000087000000|  0%| F|  |TAMS 0x0000000086f00000, 0x0000000086f00000| Untracked 
| 112|0x0000000087000000, 0x0000000087000000, 0x0000000087100000|  0%| F|  |TAMS 0x0000000087000000, 0x0000000087000000| Untracked 
| 113|0x0000000087100000, 0x0000000087100000, 0x0000000087200000|  0%| F|  |TAMS 0x0000000087100000, 0x0000000087100000| Untracked 
| 114|0x0000000087200000, 0x0000000087200000, 0x0000000087300000|  0%| F|  |TAMS 0x0000000087200000, 0x0000000087200000| Untracked 
| 115|0x0000000087300000, 0x0000000087300000, 0x0000000087400000|  0%| F|  |TAMS 0x0000000087300000, 0x0000000087300000| Untracked 
| 116|0x0000000087400000, 0x0000000087400000, 0x0000000087500000|  0%| F|  |TAMS 0x0000000087400000, 0x0000000087400000| Untracked 
| 117|0x0000000087500000, 0x0000000087500000, 0x0000000087600000|  0%| F|  |TAMS 0x0000000087500000, 0x0000000087500000| Untracked 
| 118|0x0000000087600000, 0x0000000087600000, 0x0000000087700000|  0%| F|  |TAMS 0x0000000087600000, 0x0000000087600000| Untracked 
| 119|0x0000000087700000, 0x0000000087700000, 0x0000000087800000|  0%| F|  |TAMS 0x0000000087700000, 0x0000000087700000| Untracked 
| 120|0x0000000087800000, 0x0000000087800000, 0x0000000087900000|  0%| F|  |TAMS 0x0000000087800000, 0x0000000087800000| Untracked 
| 121|0x0000000087900000, 0x0000000087900000, 0x0000000087a00000|  0%| F|  |TAMS 0x0000000087900000, 0x0000000087900000| Untracked 
| 122|0x0000000087a00000, 0x0000000087a00000, 0x0000000087b00000|  0%| F|  |TAMS 0x0000000087a00000, 0x0000000087a00000| Untracked 
| 123|0x0000000087b00000, 0x0000000087b00000, 0x0000000087c00000|  0%| F|  |TAMS 0x0000000087b00000, 0x0000000087b00000| Untracked 
| 124|0x0000000087c00000, 0x0000000087c00000, 0x0000000087d00000|  0%| F|  |TAMS 0x0000000087c00000, 0x0000000087c00000| Untracked 
| 125|0x0000000087d00000, 0x0000000087d00000, 0x0000000087e00000|  0%| F|  |TAMS 0x0000000087d00000, 0x0000000087d00000| Untracked 
| 126|0x0000000087e00000, 0x0000000087e00000, 0x0000000087f00000|  0%| F|  |TAMS 0x0000000087e00000, 0x0000000087e00000| Untracked 
| 127|0x0000000087f00000, 0x0000000087f00000, 0x0000000088000000|  0%| F|  |TAMS 0x0000000087f00000, 0x0000000087f00000| Untracked 
| 128|0x0000000088000000, 0x0000000088000000, 0x0000000088100000|  0%| F|  |TAMS 0x0000000088000000, 0x0000000088000000| Untracked 
| 129|0x0000000088100000, 0x0000000088100000, 0x0000000088200000|  0%| F|  |TAMS 0x0000000088100000, 0x0000000088100000| Untracked 
| 130|0x0000000088200000, 0x0000000088200000, 0x0000000088300000|  0%| F|  |TAMS 0x0000000088200000, 0x0000000088200000| Untracked 
| 131|0x0000000088300000, 0x0000000088300000, 0x0000000088400000|  0%| F|  |TAMS 0x0000000088300000, 0x0000000088300000| Untracked 
| 132|0x0000000088400000, 0x0000000088400000, 0x0000000088500000|  0%| F|  |TAMS 0x0000000088400000, 0x0000000088400000| Untracked 
| 133|0x0000000088500000, 0x0000000088500000, 0x0000000088600000|  0%| F|  |TAMS 0x0000000088500000, 0x0000000088500000| Untracked 
| 134|0x0000000088600000, 0x0000000088600000, 0x0000000088700000|  0%| F|  |TAMS 0x0000000088600000, 0x0000000088600000| Untracked 
| 135|0x0000000088700000, 0x0000000088700000, 0x0000000088800000|  0%| F|  |TAMS 0x0000000088700000, 0x0000000088700000| Untracked 
| 136|0x0000000088800000, 0x0000000088800000, 0x0000000088900000|  0%| F|  |TAMS 0x0000000088800000, 0x0000000088800000| Untracked 
| 137|0x0000000088900000, 0x0000000088900000, 0x0000000088a00000|  0%| F|  |TAMS 0x0000000088900000, 0x0000000088900000| Untracked 
| 138|0x0000000088a00000, 0x0000000088a00000, 0x0000000088b00000|  0%| F|  |TAMS 0x0000000088a00000, 0x0000000088a00000| Untracked 
| 139|0x0000000088b00000, 0x0000000088b00000, 0x0000000088c00000|  0%| F|  |TAMS 0x0000000088b00000, 0x0000000088b00000| Untracked 
| 140|0x0000000088c00000, 0x0000000088c00000, 0x0000000088d00000|  0%| F|  |TAMS 0x0000000088c00000, 0x0000000088c00000| Untracked 
| 141|0x0000000088d00000, 0x0000000088d00000, 0x0000000088e00000|  0%| F|  |TAMS 0x0000000088d00000, 0x0000000088d00000| Untracked 
| 142|0x0000000088e00000, 0x0000000088e00000, 0x0000000088f00000|  0%| F|  |TAMS 0x0000000088e00000, 0x0000000088e00000| Untracked 
| 143|0x0000000088f00000, 0x0000000088f00000, 0x0000000089000000|  0%| F|  |TAMS 0x0000000088f00000, 0x0000000088f00000| Untracked 
| 144|0x0000000089000000, 0x0000000089000000, 0x0000000089100000|  0%| F|  |TAMS 0x0000000089000000, 0x0000000089000000| Untracked 
| 145|0x0000000089100000, 0x0000000089100000, 0x0000000089200000|  0%| F|  |TAMS 0x0000000089100000, 0x0000000089100000| Untracked 
| 146|0x0000000089200000, 0x0000000089200000, 0x0000000089300000|  0%| F|  |TAMS 0x0000000089200000, 0x0000000089200000| Untracked 
| 147|0x0000000089300000, 0x0000000089300000, 0x0000000089400000|  0%| F|  |TAMS 0x0000000089300000, 0x0000000089300000| Untracked 
| 148|0x0000000089400000, 0x0000000089400000, 0x0000000089500000|  0%| F|  |TAMS 0x0000000089400000, 0x0000000089400000| Untracked 
| 149|0x0000000089500000, 0x0000000089500000, 0x0000000089600000|  0%| F|  |TAMS 0x0000000089500000, 0x0000000089500000| Untracked 
| 150|0x0000000089600000, 0x0000000089600000, 0x0000000089700000|  0%| F|  |TAMS 0x0000000089600000, 0x0000000089600000| Untracked 
| 151|0x0000000089700000, 0x0000000089700000, 0x0000000089800000|  0%| F|  |TAMS 0x0000000089700000, 0x0000000089700000| Untracked 
| 152|0x0000000089800000, 0x0000000089800000, 0x0000000089900000|  0%| F|  |TAMS 0x0000000089800000, 0x0000000089800000| Untracked 
| 153|0x0000000089900000, 0x0000000089900000, 0x0000000089a00000|  0%| F|  |TAMS 0x0000000089900000, 0x0000000089900000| Untracked 
| 154|0x0000000089a00000, 0x0000000089a00000, 0x0000000089b00000|  0%| F|  |TAMS 0x0000000089a00000, 0x0000000089a00000| Untracked 
| 155|0x0000000089b00000, 0x0000000089b00000, 0x0000000089c00000|  0%| F|  |TAMS 0x0000000089b00000, 0x0000000089b00000| Untracked 
| 156|0x0000000089c00000, 0x0000000089c00000, 0x0000000089d00000|  0%| F|  |TAMS 0x0000000089c00000, 0x0000000089c00000| Untracked 
| 157|0x0000000089d00000, 0x0000000089d00000, 0x0000000089e00000|  0%| F|  |TAMS 0x0000000089d00000, 0x0000000089d00000| Untracked 
| 158|0x0000000089e00000, 0x0000000089e00000, 0x0000000089f00000|  0%| F|  |TAMS 0x0000000089e00000, 0x0000000089e00000| Untracked 
| 159|0x0000000089f00000, 0x0000000089f00000, 0x000000008a000000|  0%| F|  |TAMS 0x0000000089f00000, 0x0000000089f00000| Untracked 
| 160|0x000000008a000000, 0x000000008a000000, 0x000000008a100000|  0%| F|  |TAMS 0x000000008a000000, 0x000000008a000000| Untracked 
| 161|0x000000008a100000, 0x000000008a100000, 0x000000008a200000|  0%| F|  |TAMS 0x000000008a100000, 0x000000008a100000| Untracked 
| 162|0x000000008a200000, 0x000000008a200000, 0x000000008a300000|  0%| F|  |TAMS 0x000000008a200000, 0x000000008a200000| Untracked 
| 163|0x000000008a300000, 0x000000008a300000, 0x000000008a400000|  0%| F|  |TAMS 0x000000008a300000, 0x000000008a300000| Untracked 
| 164|0x000000008a400000, 0x000000008a400000, 0x000000008a500000|  0%| F|  |TAMS 0x000000008a400000, 0x000000008a400000| Untracked 
| 165|0x000000008a500000, 0x000000008a500000, 0x000000008a600000|  0%| F|  |TAMS 0x000000008a500000, 0x000000008a500000| Untracked 
| 166|0x000000008a600000, 0x000000008a600000, 0x000000008a700000|  0%| F|  |TAMS 0x000000008a600000, 0x000000008a600000| Untracked 
| 167|0x000000008a700000, 0x000000008a700000, 0x000000008a800000|  0%| F|  |TAMS 0x000000008a700000, 0x000000008a700000| Untracked 
| 168|0x000000008a800000, 0x000000008a800000, 0x000000008a900000|  0%| F|  |TAMS 0x000000008a800000, 0x000000008a800000| Untracked 
| 169|0x000000008a900000, 0x000000008a900000, 0x000000008aa00000|  0%| F|  |TAMS 0x000000008a900000, 0x000000008a900000| Untracked 
| 170|0x000000008aa00000, 0x000000008aa00000, 0x000000008ab00000|  0%| F|  |TAMS 0x000000008aa00000, 0x000000008aa00000| Untracked 
| 171|0x000000008ab00000, 0x000000008ab00000, 0x000000008ac00000|  0%| F|  |TAMS 0x000000008ab00000, 0x000000008ab00000| Untracked 
| 172|0x000000008ac00000, 0x000000008ac00000, 0x000000008ad00000|  0%| F|  |TAMS 0x000000008ac00000, 0x000000008ac00000| Untracked 
| 173|0x000000008ad00000, 0x000000008ad00000, 0x000000008ae00000|  0%| F|  |TAMS 0x000000008ad00000, 0x000000008ad00000| Untracked 
| 174|0x000000008ae00000, 0x000000008ae00000, 0x000000008af00000|  0%| F|  |TAMS 0x000000008ae00000, 0x000000008ae00000| Untracked 
| 175|0x000000008af00000, 0x000000008af00000, 0x000000008b000000|  0%| F|  |TAMS 0x000000008af00000, 0x000000008af00000| Untracked 
| 176|0x000000008b000000, 0x000000008b000000, 0x000000008b100000|  0%| F|  |TAMS 0x000000008b000000, 0x000000008b000000| Untracked 
| 177|0x000000008b100000, 0x000000008b100000, 0x000000008b200000|  0%| F|  |TAMS 0x000000008b100000, 0x000000008b100000| Untracked 
| 178|0x000000008b200000, 0x000000008b200000, 0x000000008b300000|  0%| F|  |TAMS 0x000000008b200000, 0x000000008b200000| Untracked 
| 179|0x000000008b300000, 0x000000008b300000, 0x000000008b400000|  0%| F|  |TAMS 0x000000008b300000, 0x000000008b300000| Untracked 
| 180|0x000000008b400000, 0x000000008b400000, 0x000000008b500000|  0%| F|  |TAMS 0x000000008b400000, 0x000000008b400000| Untracked 
| 181|0x000000008b500000, 0x000000008b500000, 0x000000008b600000|  0%| F|  |TAMS 0x000000008b500000, 0x000000008b500000| Untracked 
| 182|0x000000008b600000, 0x000000008b600000, 0x000000008b700000|  0%| F|  |TAMS 0x000000008b600000, 0x000000008b600000| Untracked 
| 183|0x000000008b700000, 0x000000008b78a978, 0x000000008b800000| 54%| S|CS|TAMS 0x000000008b700000, 0x000000008b700000| Complete 
| 184|0x000000008b800000, 0x000000008b8abf80, 0x000000008b900000| 67%| E|  |TAMS 0x000000008b800000, 0x000000008b800000| Complete 

Card table byte_map: [0x0000023452900000,0x0000023452d00000] _byte_map_base: 0x0000023452500000

Marking Bits (Prev, Next): (CMBitMap*) 0x000002343dbe2628, (CMBitMap*) 0x000002343dbe2660
 Prev Bits: [0x0000023453100000, 0x0000023455100000)
 Next Bits: [0x0000023455100000, 0x0000023457100000)

Polling page: 0x000002343da60000

Metaspace:

Usage:
  Non-class:     94.33 MB capacity,    92.60 MB ( 98%) used,     1.39 MB (  1%) free+waste,   345.63 KB ( <1%) overhead. 
      Class:     14.79 MB capacity,    13.65 MB ( 92%) used,   998.90 KB (  7%) free+waste,   163.75 KB (  1%) overhead. 
       Both:    109.11 MB capacity,   106.25 MB ( 97%) used,     2.37 MB (  2%) free+waste,   509.38 KB ( <1%) overhead. 

Virtual space:
  Non-class space:      102.00 MB reserved,      94.45 MB ( 93%) committed 
      Class space:        1.00 GB reserved,      14.79 MB (  1%) committed 
             Both:        1.10 GB reserved,     109.25 MB ( 10%) committed 

Chunk freelists:
   Non-Class:  3.00 KB
       Class:  4.00 KB
        Both:  7.00 KB

MaxMetaspaceSize: 17179869184.00 GB
CompressedClassSpaceSize: 1.00 GB
Initial GC threshold: 20.80 MB
Current GC threshold: 173.14 MB
CDS: off

CodeHeap 'non-profiled nmethods': size=120064Kb used=8731Kb max_used=8731Kb free=111332Kb
 bounds [0x000002344a9a0000, 0x000002344b230000, 0x0000023451ee0000]
CodeHeap 'profiled nmethods': size=120000Kb used=28537Kb max_used=28537Kb free=91462Kb
 bounds [0x0000023443470000, 0x0000023445050000, 0x000002344a9a0000]
CodeHeap 'non-nmethods': size=5696Kb used=2423Kb max_used=2465Kb free=3272Kb
 bounds [0x0000023442ee0000, 0x0000023443150000, 0x0000023443470000]
 total_blobs=13932 nmethods=12980 adapters=861
 compilation: enabled
              stopped_count=0, restarted_count=0
 full_count=0

Compilation events (20 events):
Event: 40.594 Thread 0x0000023459723000 13087       3       com.android.tools.r8.internal.gR::a (158 bytes)
Event: 40.597 Thread 0x0000023459723000 nmethod 13087 0x0000023445049d90 code [0x000002344504a100, 0x000002344504b768]
Event: 40.597 Thread 0x0000023459723000 13085       3       com.google.common.util.concurrent.TrustedListenableFutureTask$TrustedFutureInterruptibleTask::afterRanInterruptibly (26 bytes)
Event: 40.598 Thread 0x0000023459723000 nmethod 13085 0x000002344504be10 code [0x000002344504c060, 0x000002344504c978]
Event: 40.598 Thread 0x0000023459723000 13086   !   3       com.google.common.util.concurrent.MoreExecutors$DirectExecutorService::endTask (41 bytes)
Event: 40.598 Thread 0x0000023459723000 nmethod 13086 0x000002344504cc90 code [0x000002344504ce60, 0x000002344504d188]
Event: 40.600 Thread 0x0000023459723000 13088       3       com.android.tools.r8.internal.I7::i (2 bytes)
Event: 40.600 Thread 0x0000023459723000 nmethod 13088 0x000002344504d310 code [0x000002344504d4c0, 0x000002344504d5b8]
Event: 40.603 Thread 0x0000023459723000 13089       3       com.android.tools.r8.internal.kI::a (9 bytes)
Event: 40.603 Thread 0x0000023459723000 nmethod 13089 0x000002344504d690 code [0x000002344504d840, 0x000002344504d9e8]
Event: 40.603 Thread 0x0000023459723000 13090       3       com.android.tools.r8.internal.kI$$Lambda$1726/0x0000000100ea8440::apply (16 bytes)
Event: 40.604 Thread 0x0000023459723000 nmethod 13090 0x000002344504da90 code [0x000002344504dc60, 0x000002344504df88]
Event: 40.604 Thread 0x0000023459723000 13091       3       com.android.tools.r8.internal.Nu::M (25 bytes)
Event: 40.604 Thread 0x0000023459723000 nmethod 13091 0x000002344504e090 code [0x000002344504e240, 0x000002344504e4b8]
Event: 40.607 Thread 0x000002345da2d800 nmethod 13074 0x000002344b221090 code [0x000002344b221340, 0x000002344b222fc0]
Event: 40.607 Thread 0x000002345da2d800 13026       4       java.util.ArrayDeque::add (7 bytes)
Event: 40.612 Thread 0x000002345da2d800 nmethod 13026 0x000002344b223f90 code [0x000002344b224140, 0x000002344b224368]
Event: 40.612 Thread 0x000002345da2d800 13061       4       com.android.tools.r8.internal.oH::a (75 bytes)
Event: 40.626 Thread 0x000002345da2d800 nmethod 13061 0x000002344b224510 code [0x000002344b224720, 0x000002344b224c50]
Event: 40.626 Thread 0x000002345da2d800 13062       4       com.android.tools.r8.internal.oH$$Lambda$1698/0x0000000100e99440::accept (20 bytes)

GC Heap History (20 events):
Event: 28.323 GC heap before
{Heap before GC invocations=31 (full 0):
 garbage-first heap   total 189440K, used 129637K [0x0000000080000000, 0x0000000100000000)
  region size 1024K, 39 young (39936K), 3 survivors (3072K)
 Metaspace       used 88125K, capacity 90284K, committed 90492K, reserved 1128448K
  class space    used 11268K, capacity 12067K, committed 12204K, reserved 1048576K
}
Event: 28.336 GC heap after
{Heap after GC invocations=32 (full 0):
 garbage-first heap   total 189440K, used 96749K [0x0000000080000000, 0x0000000100000000)
  region size 1024K, 5 young (5120K), 5 survivors (5120K)
 Metaspace       used 88125K, capacity 90284K, committed 90492K, reserved 1128448K
  class space    used 11268K, capacity 12067K, committed 12204K, reserved 1048576K
}
Event: 28.402 GC heap before
{Heap before GC invocations=32 (full 0):
 garbage-first heap   total 189440K, used 99821K [0x0000000080000000, 0x0000000100000000)
  region size 1024K, 9 young (9216K), 5 survivors (5120K)
 Metaspace       used 88275K, capacity 90412K, committed 90748K, reserved 1128448K
  class space    used 11289K, capacity 12067K, committed 12204K, reserved 1048576K
}
Event: 28.415 GC heap after
{Heap after GC invocations=33 (full 0):
 garbage-first heap   total 189440K, used 90724K [0x0000000080000000, 0x0000000100000000)
  region size 1024K, 1 young (1024K), 1 survivors (1024K)
 Metaspace       used 88275K, capacity 90412K, committed 90748K, reserved 1128448K
  class space    used 11289K, capacity 12067K, committed 12204K, reserved 1048576K
}
Event: 28.939 GC heap before
{Heap before GC invocations=33 (full 0):
 garbage-first heap   total 189440K, used 130660K [0x0000000080000000, 0x0000000100000000)
  region size 1024K, 41 young (41984K), 1 survivors (1024K)
 Metaspace       used 89376K, capacity 91485K, committed 91644K, reserved 1128448K
  class space    used 11435K, capacity 12229K, committed 12332K, reserved 1048576K
}
Event: 28.946 GC heap after
{Heap after GC invocations=34 (full 0):
 garbage-first heap   total 189440K, used 92089K [0x0000000080000000, 0x0000000100000000)
  region size 1024K, 3 young (3072K), 3 survivors (3072K)
 Metaspace       used 89376K, capacity 91485K, committed 91644K, reserved 1128448K
  class space    used 11435K, capacity 12229K, committed 12332K, reserved 1048576K
}
Event: 34.540 GC heap before
{Heap before GC invocations=35 (full 0):
 garbage-first heap   total 189440K, used 129977K [0x0000000080000000, 0x0000000100000000)
  region size 1024K, 45 young (46080K), 3 survivors (3072K)
 Metaspace       used 92111K, capacity 94289K, committed 94460K, reserved 1130496K
  class space    used 11759K, capacity 12568K, committed 12588K, reserved 1048576K
}
Event: 34.551 GC heap after
{Heap after GC invocations=36 (full 0):
 garbage-first heap   total 189440K, used 91334K [0x0000000080000000, 0x0000000100000000)
  region size 1024K, 6 young (6144K), 6 survivors (6144K)
 Metaspace       used 92111K, capacity 94289K, committed 94460K, reserved 1130496K
  class space    used 11759K, capacity 12568K, committed 12588K, reserved 1048576K
}
Event: 34.618 GC heap before
{Heap before GC invocations=36 (full 0):
 garbage-first heap   total 189440K, used 94406K [0x0000000080000000, 0x0000000100000000)
  region size 1024K, 9 young (9216K), 6 survivors (6144K)
 Metaspace       used 92128K, capacity 94290K, committed 94460K, reserved 1130496K
  class space    used 11759K, capacity 12568K, committed 12588K, reserved 1048576K
}
Event: 34.630 GC heap after
{Heap after GC invocations=37 (full 0):
 garbage-first heap   total 189440K, used 88076K [0x0000000080000000, 0x0000000100000000)
  region size 1024K, 2 young (2048K), 2 survivors (2048K)
 Metaspace       used 92128K, capacity 94290K, committed 94460K, reserved 1130496K
  class space    used 11759K, capacity 12568K, committed 12588K, reserved 1048576K
}
Event: 35.392 GC heap before
{Heap before GC invocations=37 (full 0):
 garbage-first heap   total 189440K, used 134156K [0x0000000080000000, 0x0000000100000000)
  region size 1024K, 48 young (49152K), 2 survivors (2048K)
 Metaspace       used 93004K, capacity 95292K, committed 95356K, reserved 1132544K
  class space    used 11852K, capacity 12689K, committed 12716K, reserved 1048576K
}
Event: 35.402 GC heap after
{Heap after GC invocations=38 (full 0):
 garbage-first heap   total 189440K, used 89912K [0x0000000080000000, 0x0000000100000000)
  region size 1024K, 4 young (4096K), 4 survivors (4096K)
 Metaspace       used 93004K, capacity 95292K, committed 95356K, reserved 1132544K
  class space    used 11852K, capacity 12689K, committed 12716K, reserved 1048576K
}
Event: 36.824 GC heap before
{Heap before GC invocations=39 (full 0):
 garbage-first heap   total 189440K, used 140088K [0x0000000080000000, 0x0000000100000000)
  region size 1024K, 52 young (53248K), 4 survivors (4096K)
 Metaspace       used 99178K, capacity 101509K, committed 101756K, reserved 1138688K
  class space    used 12629K, capacity 13483K, committed 13484K, reserved 1048576K
}
Event: 36.839 GC heap after
{Heap after GC invocations=40 (full 0):
 garbage-first heap   total 189440K, used 97965K [0x0000000080000000, 0x0000000100000000)
  region size 1024K, 7 young (7168K), 7 survivors (7168K)
 Metaspace       used 99178K, capacity 101509K, committed 101756K, reserved 1138688K
  class space    used 12629K, capacity 13483K, committed 13484K, reserved 1048576K
}
Event: 37.004 GC heap before
{Heap before GC invocations=40 (full 0):
 garbage-first heap   total 189440K, used 100013K [0x0000000080000000, 0x0000000100000000)
  region size 1024K, 9 young (9216K), 7 survivors (7168K)
 Metaspace       used 99208K, capacity 101576K, committed 101756K, reserved 1138688K
  class space    used 12632K, capacity 13484K, committed 13484K, reserved 1048576K
}
Event: 37.015 GC heap after
{Heap after GC invocations=41 (full 0):
 garbage-first heap   total 189440K, used 98321K [0x0000000080000000, 0x0000000100000000)
  region size 1024K, 2 young (2048K), 2 survivors (2048K)
 Metaspace       used 99208K, capacity 101576K, committed 101756K, reserved 1138688K
  class space    used 12632K, capacity 13484K, committed 13484K, reserved 1048576K
}
Event: 39.308 GC heap before
{Heap before GC invocations=41 (full 0):
 garbage-first heap   total 189440K, used 145425K [0x0000000080000000, 0x0000000100000000)
  region size 1024K, 47 young (48128K), 2 survivors (2048K)
 Metaspace       used 102157K, capacity 104660K, committed 104828K, reserved 1140736K
  class space    used 12997K, capacity 13923K, committed 13996K, reserved 1048576K
}
Event: 39.322 GC heap after
{Heap after GC invocations=42 (full 0):
 garbage-first heap   total 189440K, used 103514K [0x0000000080000000, 0x0000000100000000)
  region size 1024K, 6 young (6144K), 6 survivors (6144K)
 Metaspace       used 102157K, capacity 104660K, committed 104828K, reserved 1140736K
  class space    used 12997K, capacity 13923K, committed 13996K, reserved 1048576K
}
Event: 40.570 GC heap before
{Heap before GC invocations=43 (full 0):
 garbage-first heap   total 189440K, used 145498K [0x0000000080000000, 0x0000000100000000)
  region size 1024K, 49 young (50176K), 6 survivors (6144K)
 Metaspace       used 108157K, capacity 110994K, committed 111228K, reserved 1144832K
  class space    used 13856K, capacity 14997K, committed 15020K, reserved 1048576K
}
Event: 40.590 GC heap after
{Heap after GC invocations=44 (full 0):
 garbage-first heap   total 189440K, used 109107K [0x0000000080000000, 0x0000000100000000)
  region size 1024K, 7 young (7168K), 7 survivors (7168K)
 Metaspace       used 108157K, capacity 110994K, committed 111228K, reserved 1144832K
  class space    used 13856K, capacity 14997K, committed 15020K, reserved 1048576K
}

Deoptimization events (20 events):
Event: 39.303 Thread 0x0000023460d4f000 DEOPT PACKING pc=0x000002344b130fc4 sp=0x000000f0c56feb10
Event: 39.303 Thread 0x0000023460d4f000 DEOPT UNPACKING pc=0x0000023442f2a1af sp=0x000000f0c56feab0 mode 2
Event: 39.304 Thread 0x0000023460d4f000 Uncommon trap: trap_request=0xffffffde fr.pc=0x000002344b130fc4 relative=0x0000000000000184
Event: 39.304 Thread 0x0000023460d4f000 Uncommon trap: reason=class_check action=maybe_recompile pc=0x000002344b130fc4 method=java.util.concurrent.locks.ReentrantReadWriteLock$Sync.tryAcquireShared(I)I @ 33 c2
Event: 39.304 Thread 0x0000023460d4f000 DEOPT PACKING pc=0x000002344b130fc4 sp=0x000000f0c56feb10
Event: 39.304 Thread 0x0000023460d4f000 DEOPT UNPACKING pc=0x0000023442f2a1af sp=0x000000f0c56feab0 mode 2
Event: 39.483 Thread 0x0000023461a41000 DEOPT PACKING pc=0x0000023444a7e5d5 sp=0x000000f0c6afc970
Event: 39.483 Thread 0x0000023461a41000 DEOPT UNPACKING pc=0x0000023442f2a95e sp=0x000000f0c6afbe90 mode 0
Event: 39.489 Thread 0x0000023461a35800 DEOPT PACKING pc=0x0000023444a7e5d5 sp=0x000000f0c5ffcd90
Event: 39.490 Thread 0x0000023461a35800 DEOPT UNPACKING pc=0x0000023442f2a95e sp=0x000000f0c5ffc2b0 mode 0
Event: 39.540 Thread 0x0000023461a33000 DEOPT PACKING pc=0x0000023444a7e5d5 sp=0x000000f0c5efcf00
Event: 39.540 Thread 0x0000023461a33000 DEOPT UNPACKING pc=0x0000023442f2a95e sp=0x000000f0c5efc420 mode 0
Event: 39.573 Thread 0x0000023461a33000 Uncommon trap: trap_request=0xffffff4d fr.pc=0x000002344aeab62c relative=0x000000000000038c
Event: 39.573 Thread 0x0000023461a35800 Uncommon trap: trap_request=0xffffff4d fr.pc=0x000002344aeab62c relative=0x000000000000038c
Event: 39.573 Thread 0x0000023461a33000 Uncommon trap: reason=unstable_if action=reinterpret pc=0x000002344aeab62c method=java.util.stream.StreamOpFlag.getMask(I)I @ 1 c2
Event: 39.573 Thread 0x0000023461a33000 DEOPT PACKING pc=0x000002344aeab62c sp=0x000000f0c5efd2e0
Event: 39.573 Thread 0x0000023461a35800 Uncommon trap: reason=unstable_if action=reinterpret pc=0x000002344aeab62c method=java.util.stream.StreamOpFlag.getMask(I)I @ 1 c2
Event: 39.573 Thread 0x0000023461a33000 DEOPT UNPACKING pc=0x0000023442f2a1af sp=0x000000f0c5efd1d0 mode 2
Event: 39.573 Thread 0x0000023461a35800 DEOPT PACKING pc=0x000002344aeab62c sp=0x000000f0c5ffd1c0
Event: 39.573 Thread 0x0000023461a35800 DEOPT UNPACKING pc=0x0000023442f2a1af sp=0x000000f0c5ffd0b0 mode 2

Classes redefined (0 events):
No events

Internal exceptions (20 events):
Event: 38.783 Thread 0x0000023461a36000 Exception <a 'sun/nio/fs/WindowsException'{0x00000000898866a8}> (0x00000000898866a8) thrown at [./src/hotspot/share/prims/jni.cpp, line 616]
Event: 38.984 Thread 0x000002345cb11800 Exception <a 'java/lang/NoSuchMethodError'{0x00000000893d3c38}: <clinit>> (0x00000000893d3c38) thrown at [./src/hotspot/share/prims/jni.cpp, line 1366]
Event: 39.197 Thread 0x0000023461a36000 Exception <a 'sun/nio/fs/WindowsException'{0x000000008906c308}> (0x000000008906c308) thrown at [./src/hotspot/share/prims/jni.cpp, line 616]
Event: 39.211 Thread 0x0000023461a36000 Exception <a 'java/lang/NoSuchMethodError'{0x0000000088f0dc28}: <clinit>> (0x0000000088f0dc28) thrown at [./src/hotspot/share/prims/jni.cpp, line 1366]
Event: 39.351 Thread 0x0000023461a35800 Exception <a 'sun/nio/fs/WindowsException'{0x000000008b4f2ad0}> (0x000000008b4f2ad0) thrown at [./src/hotspot/share/prims/jni.cpp, line 616]
Event: 39.352 Thread 0x0000023461a33000 Exception <a 'sun/nio/fs/WindowsException'{0x000000008b4e1d20}> (0x000000008b4e1d20) thrown at [./src/hotspot/share/prims/jni.cpp, line 616]
Event: 39.480 Thread 0x0000023461a35800 Exception <a 'java/lang/NoSuchMethodError'{0x000000008b28a020}: 'java.lang.Object java.lang.invoke.DirectMethodHandle$Holder.newInvokeSpecial(java.lang.Object, int)'> (0x000000008b28a020) thrown at [./src/hotspot/share/interpreter/linkResolver.cpp, line 773]
Event: 39.480 Thread 0x0000023461a33000 Exception <a 'java/lang/NoSuchMethodError'{0x000000008b276ce8}: 'java.lang.Object java.lang.invoke.DirectMethodHandle$Holder.newInvokeSpecial(java.lang.Object, int)'> (0x000000008b276ce8) thrown at [./src/hotspot/share/interpreter/linkResolver.cpp, line 773]
Event: 39.480 Thread 0x0000023461a41000 Exception <a 'java/lang/NoSuchMethodError'{0x000000008b283370}: 'java.lang.Object java.lang.invoke.DirectMethodHandle$Holder.newInvokeSpecial(java.lang.Object, int)'> (0x000000008b283370) thrown at [./src/hotspot/share/interpreter/linkResolver.cpp, line 773]
Event: 39.481 Thread 0x0000023461a38800 Exception <a 'java/lang/NoSuchMethodError'{0x000000008b24dc80}: 'java.lang.Object java.lang.invoke.DirectMethodHandle$Holder.newInvokeSpecial(java.lang.Object, int)'> (0x000000008b24dc80) thrown at [./src/hotspot/share/interpreter/linkResolver.cpp, line 773]
Event: 39.820 Thread 0x0000023461a35800 Exception <a 'java/lang/NoSuchMethodError'{0x000000008ad9b060}: 'java.lang.Object java.lang.invoke.DirectMethodHandle$Holder.invokeStaticInit(java.lang.Object, java.lang.Object, java.lang.Object, java.lang.Object, java.lang.Object, java.lang.Object, java.lang.Object, java.lang.Object, java.lang.Object, java.lang.Object, java.lang.Object, java.lang.Object, java.lang.Object, java.lang.Object, java.lang.Object, java.lang.Object, java.lang.Object, java.lang.Object, int, java.lang.Object, java.lang.Object)'> (0
Event: 39.857 Thread 0x0000023461a41000 Exception <a 'java/lang/IncompatibleClassChangeError'{0x000000008ac51a60}: Found class java.lang.Object, but interface was expected> (0x000000008ac51a60) thrown at [./src/hotspot/share/interpreter/linkResolver.cpp, line 839]
Event: 39.857 Thread 0x0000023461a38800 Exception <a 'java/lang/IncompatibleClassChangeError'{0x000000008ac79e20}: Found class java.lang.Object, but interface was expected> (0x000000008ac79e20) thrown at [./src/hotspot/share/interpreter/linkResolver.cpp, line 839]
Event: 39.945 Thread 0x0000023461a33000 Exception <a 'java/lang/NoSuchMethodError'{0x000000008aa9d040}: 'long java.lang.invoke.DirectMethodHandle$Holder.invokeStatic(java.lang.Object, long, java.lang.Object)'> (0x000000008aa9d040) thrown at [./src/hotspot/share/interpreter/linkResolver.cpp, line 773]
Event: 40.205 Thread 0x0000023461a35800 Exception <a 'java/lang/NoSuchMethodError'{0x0000000089bd64c8}: 'void java.lang.invoke.DirectMethodHandle$Holder.invokeStatic(java.lang.Object, java.lang.Object, java.lang.Object, int)'> (0x0000000089bd64c8) thrown at [./src/hotspot/share/interpreter/linkResolver.cpp, line 773]
Event: 40.216 Thread 0x0000023461a35800 Exception <a 'java/lang/IncompatibleClassChangeError'{0x0000000089bde500}: Found class java.lang.Object, but interface was expected> (0x0000000089bde500) thrown at [./src/hotspot/share/interpreter/linkResolver.cpp, line 839]
Event: 40.410 Thread 0x0000023461a38800 Exception <a 'java/lang/NoSuchMethodError'{0x00000000893a04d8}: 'java.lang.Object java.lang.invoke.DirectMethodHandle$Holder.invokeStatic(java.lang.Object, int, java.lang.Object, java.lang.Object)'> (0x00000000893a04d8) thrown at [./src/hotspot/share/interpreter/linkResolver.cpp, line 773]
Event: 40.410 Thread 0x0000023461a33000 Exception <a 'java/lang/NoSuchMethodError'{0x0000000089211e28}: 'java.lang.Object java.lang.invoke.DirectMethodHandle$Holder.invokeStatic(java.lang.Object, int, java.lang.Object, java.lang.Object)'> (0x0000000089211e28) thrown at [./src/hotspot/share/interpreter/linkResolver.cpp, line 773]
Event: 40.410 Thread 0x0000023461a41000 Exception <a 'java/lang/NoSuchMethodError'{0x00000000892191e8}: 'java.lang.Object java.lang.invoke.DirectMethodHandle$Holder.invokeStatic(java.lang.Object, int, java.lang.Object, java.lang.Object)'> (0x00000000892191e8) thrown at [./src/hotspot/share/interpreter/linkResolver.cpp, line 773]
Event: 40.410 Thread 0x0000023461a35800 Exception <a 'java/lang/NoSuchMethodError'{0x0000000089220858}: 'java.lang.Object java.lang.invoke.DirectMethodHandle$Holder.invokeStatic(java.lang.Object, int, java.lang.Object, java.lang.Object)'> (0x0000000089220858) thrown at [./src/hotspot/share/interpreter/linkResolver.cpp, line 773]

Events (20 events):
Event: 40.630 loading class com/android/tools/r8/internal/r7
Event: 40.630 loading class com/android/tools/r8/internal/r7 done
Event: 40.630 loading class com/android/tools/r8/internal/j7
Event: 40.630 loading class com/android/tools/r8/internal/j7 done
Event: 40.630 loading class com/android/tools/r8/internal/j7
Event: 40.630 loading class com/android/tools/r8/internal/j7 done
Event: 40.630 loading class com/android/tools/r8/internal/j7
Event: 40.630 loading class com/android/tools/r8/internal/j7 done
Event: 40.630 loading class com/android/tools/r8/internal/r7
Event: 40.630 loading class com/android/tools/r8/internal/r7 done
Event: 40.630 loading class com/android/tools/r8/internal/r7
Event: 40.630 loading class com/android/tools/r8/internal/r7 done
Event: 40.630 loading class com/android/tools/r8/internal/r7
Event: 40.630 loading class com/android/tools/r8/internal/r7 done
Event: 40.630 loading class com/android/tools/r8/internal/r7
Event: 40.630 loading class com/android/tools/r8/internal/r7 done
Event: 40.631 loading class com/android/tools/r8/internal/Q4
Event: 40.631 loading class com/android/tools/r8/internal/Q4 done
Event: 40.632 loading class com/android/tools/r8/internal/r7
Event: 40.632 loading class com/android/tools/r8/internal/r7 done


Dynamic libraries:
0x00007ff712980000 - 0x00007ff71298a000 	C:\Program Files\Android\Android Studio\jre\bin\java.exe
0x00007ffb8dc10000 - 0x00007ffb8de08000 	C:\Windows\SYSTEM32\ntdll.dll
0x00007ffb8da10000 - 0x00007ffb8dacf000 	C:\Windows\System32\KERNEL32.DLL
0x00007ffb8b6f0000 - 0x00007ffb8b9c2000 	C:\Windows\System32\KERNELBASE.dll
0x00007ffb8baa0000 - 0x00007ffb8bba0000 	C:\Windows\System32\ucrtbase.dll
0x00007ffb83cb0000 - 0x00007ffb83cc9000 	C:\Program Files\Android\Android Studio\jre\bin\jli.dll
0x00007ffb83810000 - 0x00007ffb83827000 	C:\Program Files\Android\Android Studio\jre\bin\VCRUNTIME140.dll
0x00007ffb8c3a0000 - 0x00007ffb8c541000 	C:\Windows\System32\USER32.dll
0x00007ffb8ba70000 - 0x00007ffb8ba92000 	C:\Windows\System32\win32u.dll
0x00007ffb701d0000 - 0x00007ffb7046a000 	C:\Windows\WinSxS\amd64_microsoft.windows.common-controls_6595b64144ccf1df_6.0.19041.1110_none_60b5254171f9507e\COMCTL32.dll
0x00007ffb8d160000 - 0x00007ffb8d18b000 	C:\Windows\System32\GDI32.dll
0x00007ffb8bdb0000 - 0x00007ffb8be4e000 	C:\Windows\System32\msvcrt.dll
0x00007ffb8b370000 - 0x00007ffb8b47f000 	C:\Windows\System32\gdi32full.dll
0x00007ffb8b9d0000 - 0x00007ffb8ba6d000 	C:\Windows\System32\msvcp_win.dll
0x00007ffb8bcb0000 - 0x00007ffb8bce2000 	C:\Windows\System32\IMM32.DLL
0x00007ffb78ea0000 - 0x00007ffb78f3d000 	C:\Program Files\Android\Android Studio\jre\bin\msvcp140.dll
0x00007ffb3e8b0000 - 0x00007ffb3f3b2000 	C:\Program Files\Android\Android Studio\jre\bin\server\jvm.dll
0x00007ffb8be50000 - 0x00007ffb8befe000 	C:\Windows\System32\ADVAPI32.dll
0x00007ffb8d0c0000 - 0x00007ffb8d15c000 	C:\Windows\System32\sechost.dll
0x00007ffb8d8e0000 - 0x00007ffb8da05000 	C:\Windows\System32\RPCRT4.dll
0x00007ffb8dbc0000 - 0x00007ffb8dbc8000 	C:\Windows\System32\PSAPI.DLL
0x00007ffb83c50000 - 0x00007ffb83c59000 	C:\Windows\SYSTEM32\WSOCK32.dll
0x00007ffb8c320000 - 0x00007ffb8c38b000 	C:\Windows\System32\WS2_32.dll
0x00007ffb70d90000 - 0x00007ffb70db7000 	C:\Windows\SYSTEM32\WINMM.dll
0x00007ffb837f0000 - 0x00007ffb837fa000 	C:\Windows\SYSTEM32\VERSION.dll
0x00007ffb89b50000 - 0x00007ffb89b62000 	C:\Windows\SYSTEM32\kernel.appcore.dll
0x00007ffb81670000 - 0x00007ffb81681000 	C:\Program Files\Android\Android Studio\jre\bin\verify.dll
0x00007ffb89190000 - 0x00007ffb89374000 	C:\Windows\SYSTEM32\DBGHELP.DLL
0x00007ffb79bf0000 - 0x00007ffb79c25000 	C:\Windows\SYSTEM32\dbgcore.DLL
0x00007ffb8b500000 - 0x00007ffb8b582000 	C:\Windows\System32\bcryptPrimitives.dll
0x00007ffb77df0000 - 0x00007ffb77e19000 	C:\Program Files\Android\Android Studio\jre\bin\java.dll
0x00007ffb82200000 - 0x00007ffb8220b000 	C:\Program Files\Android\Android Studio\jre\bin\jimage.dll
0x00007ffb80400000 - 0x00007ffb80418000 	C:\Program Files\Android\Android Studio\jre\bin\zip.dll
0x00007ffb8d190000 - 0x00007ffb8d8d4000 	C:\Windows\System32\SHELL32.dll
0x00007ffb893a0000 - 0x00007ffb89b32000 	C:\Windows\SYSTEM32\windows.storage.dll
0x00007ffb8cd60000 - 0x00007ffb8d0b5000 	C:\Windows\System32\combase.dll
0x00007ffb8acf0000 - 0x00007ffb8ad20000 	C:\Windows\SYSTEM32\Wldp.dll
0x00007ffb8bf00000 - 0x00007ffb8bfad000 	C:\Windows\System32\SHCORE.dll
0x00007ffb8bcf0000 - 0x00007ffb8bd45000 	C:\Windows\System32\shlwapi.dll
0x00007ffb8b240000 - 0x00007ffb8b25f000 	C:\Windows\SYSTEM32\profapi.dll
0x00007ffb77180000 - 0x00007ffb7719a000 	C:\Program Files\Android\Android Studio\jre\bin\net.dll
0x00007ffb79260000 - 0x00007ffb7936c000 	C:\Windows\SYSTEM32\WINHTTP.dll
0x00007ffb8a9e0000 - 0x00007ffb8aa4a000 	C:\Windows\system32\mswsock.dll
0x00007ffb77160000 - 0x00007ffb77174000 	C:\Program Files\Android\Android Studio\jre\bin\nio.dll
0x00007ffb816d0000 - 0x00007ffb816f7000 	C:\Users\PC\.gradle\native\e1d6ef7f7dcc3fd88c89a11ec53ec762bb8ba0a96d01ffa2cd45eb1d1d8dd5c5\windows-amd64\native-platform.dll
0x00007ffb775b0000 - 0x00007ffb776f4000 	C:\Users\PC\.gradle\native\0d407fdbe67a94daf76414ababcb853783967236a71b16ec16e742cd7a986fd3\windows-amd64\native-platform-file-events.dll
0x00007ffb81c70000 - 0x00007ffb81c7a000 	C:\Program Files\Android\Android Studio\jre\bin\management.dll
0x00007ffb81c30000 - 0x00007ffb81c3d000 	C:\Program Files\Android\Android Studio\jre\bin\management_ext.dll
0x00007ffb8abe0000 - 0x00007ffb8abf8000 	C:\Windows\SYSTEM32\CRYPTSP.dll
0x00007ffb8a300000 - 0x00007ffb8a334000 	C:\Windows\system32\rsaenh.dll
0x00007ffb8b4d0000 - 0x00007ffb8b4f7000 	C:\Windows\System32\bcrypt.dll
0x00007ffb8b200000 - 0x00007ffb8b22e000 	C:\Windows\SYSTEM32\USERENV.dll
0x00007ffb8abd0000 - 0x00007ffb8abdc000 	C:\Windows\SYSTEM32\CRYPTBASE.dll
0x00007ffb8a6d0000 - 0x00007ffb8a70b000 	C:\Windows\SYSTEM32\IPHLPAPI.DLL
0x00007ffb8c390000 - 0x00007ffb8c398000 	C:\Windows\System32\NSI.dll
0x00007ffb7ded0000 - 0x00007ffb7dee7000 	C:\Windows\SYSTEM32\dhcpcsvc6.DLL
0x00007ffb7deb0000 - 0x00007ffb7decd000 	C:\Windows\SYSTEM32\dhcpcsvc.DLL
0x00007ffb8a710000 - 0x00007ffb8a7da000 	C:\Windows\SYSTEM32\DNSAPI.dll
0x00007ffb8a420000 - 0x00007ffb8a453000 	C:\Windows\SYSTEM32\ntmarta.dll

dbghelp: loaded successfully - version: 4.0.5 - missing functions: none
symbol engine: initialized successfully - sym options: 0x614 - pdb path: .;C:\Program Files\Android\Android Studio\jre\bin;C:\Windows\SYSTEM32;C:\Windows\WinSxS\amd64_microsoft.windows.common-controls_6595b64144ccf1df_6.0.19041.1110_none_60b5254171f9507e;C:\Program Files\Android\Android Studio\jre\bin\server;C:\Users\PC\.gradle\native\e1d6ef7f7dcc3fd88c89a11ec53ec762bb8ba0a96d01ffa2cd45eb1d1d8dd5c5\windows-amd64;C:\Users\PC\.gradle\native\0d407fdbe67a94daf76414ababcb853783967236a71b16ec16e742cd7a986fd3\windows-amd64

VM Arguments:
jvm_args: --add-opens=java.base/java.util=ALL-UNNAMED --add-opens=java.base/java.lang=ALL-UNNAMED --add-opens=java.base/java.lang.invoke=ALL-UNNAMED --add-opens=java.base/java.util=ALL-UNNAMED --add-opens=java.prefs/java.util.prefs=ALL-UNNAMED --add-opens=java.prefs/java.util.prefs=ALL-UNNAMED --add-opens=java.base/java.nio.charset=ALL-UNNAMED --add-opens=java.base/java.net=ALL-UNNAMED --add-opens=java.base/java.util.concurrent.atomic=ALL-UNNAMED -Xmx2048m -Dfile.encoding=UTF-8 -Duser.country=US -Duser.language=en -Duser.variant 
java_command: org.gradle.launcher.daemon.bootstrap.GradleDaemon 7.4
java_class_path (initial): C:\Users\PC\.gradle\wrapper\dists\gradle-7.4-bin\c0gwcg53nkjbqw7r0h0umtfvt\gradle-7.4\lib\gradle-launcher-7.4.jar
Launcher Type: SUN_STANDARD

[Global flags]
     intx CICompilerCount                          = 3                                         {product} {ergonomic}
     uint ConcGCThreads                            = 1                                         {product} {ergonomic}
     uint G1ConcRefinementThreads                  = 4                                         {product} {ergonomic}
   size_t G1HeapRegionSize                         = 1048576                                   {product} {ergonomic}
    uintx GCDrainStackTargetSize                   = 64                                        {product} {ergonomic}
   size_t InitialHeapSize                          = 134217728                                 {product} {ergonomic}
   size_t MarkStackSize                            = 4194304                                   {product} {ergonomic}
   size_t MaxHeapSize                              = 2147483648                                {product} {command line}
   size_t MaxNewSize                               = 1287651328                                {product} {ergonomic}
   size_t MinHeapDeltaBytes                        = 1048576                                   {product} {ergonomic}
    uintx NonNMethodCodeHeapSize                   = 5830732                                {pd product} {ergonomic}
    uintx NonProfiledCodeHeapSize                  = 122913754                              {pd product} {ergonomic}
    uintx ProfiledCodeHeapSize                     = 122913754                              {pd product} {ergonomic}
    uintx ReservedCodeCacheSize                    = 251658240                              {pd product} {ergonomic}
     bool SegmentedCodeCache                       = true                                      {product} {ergonomic}
     bool UseCompressedClassPointers               = true                                 {lp64_product} {ergonomic}
     bool UseCompressedOops                        = true                                 {lp64_product} {ergonomic}
     bool UseG1GC                                  = true                                      {product} {ergonomic}
     bool UseLargePagesIndividualAllocation        = false                                  {pd product} {ergonomic}

Logging:
Log output configuration:
 #0: stdout all=warning uptime,level,tags
 #1: stderr all=off uptime,level,tags

Environment Variables:
JAVA_HOME=C:\Program Files\Java\jdk-19
PATH=C:\Program Files\Common Files\Oracle\Java\javapath;C:\Windows\system32;C:\Windows;C:\Windows\System32\Wbem;C:\Windows\System32\WindowsPowerShell\v1.0\;C:\Windows\System32\OpenSSH\;C:\Program Files\dotnet\;C:\Program Files\Microsoft SQL Server\Client SDK\ODBC\170\Tools\Binn\;C:\Program Files (x86)\Intel\Intel(R) Management Engine Components\DAL;C:\Program Files\Intel\Intel(R) Management Engine Components\DAL;C:\Users\PC\AppData\Local\Programs\Python\Python310\;C:\Program Files\nodejs\;C:\Program Files\Git\cmd;C:\Program Files\Java\jdk-19\bin;C:\Program Files\Microsoft SQL Server\130\Tools\Binn\;C:\Program Files\Microsoft SQL Server\150\Tools\Binn\;C:\Program Files (x86)\Microsoft SQL Server\150\Tools\Binn\;C:\Program Files\Microsoft SQL Server\150\DTS\Binn\;C:\Program Files (x86)\Microsoft SQL Server\150\DTS\Binn\;C:\Program Files\Azure Data Studio\bin;C:\sqlite;C:\Users\PC\AppData\Local\Microsoft\WindowsApps;C:\Users\PC\.dotnet\tools;C:\Program Files\JetBrains\IntelliJ IDEA Community Edition 2021.2.2\bin;C:\Users\PC\AppData\Local\atom\bin;C:\Program Files (x86)\SSH Communications Security\SSH Secure Shell;C:\Users\PC\AppData\Local\Programs\Python\Python310\;C:\Users\PC\AppData\Local\Programs\Python\Python310\Scripts;C:\Users\PC\AppData\Local\Programs\Microsoft VS Code\bin;C:\Users\PC\AppData\Roaming\npm;C:\Users\PC\AppData\Local\GitHubDesktop\bin;C:\Program Files\heroku\bin;C:\Program Files\Java\jdk-19;C:\Program Files\Azure Data Studio\bin;C:\Users\PC\.dotnet\tools
USERNAME=PC
OS=Windows_NT
PROCESSOR_IDENTIFIER=Intel64 Family 6 Model 78 Stepping 3, GenuineIntel



---------------  S Y S T E M  ---------------

OS: Windows 10 , 64 bit Build 19041 (10.0.19041.2364)
OS uptime: 6 days 9:02 hours

CPU:total 4 (initial active 4) (2 cores per cpu, 2 threads per core) family 6 model 78 stepping 3 microcode 0xcc, cmov, cx8, fxsr, mmx, sse, sse2, sse3, ssse3, sse4.1, sse4.2, popcnt, avx, avx2, aes, clmul, erms, rtm, 3dnowpref, lzcnt, ht, tsc, tscinvbit, bmi1, bmi2, adx, fma

Memory: 4k page, system-wide physical 8072M (751M free)
TotalPageFile size 10120M (AvailPageFile size 4M)
current process WorkingSet (physical memory assigned to process): 483M, peak: 483M
current process commit charge ("private bytes"): 509M, peak: 510M

vm_info: OpenJDK 64-Bit Server VM (11.0.13+0-b1751.21-8125866) for windows-amd64 JRE (11.0.13+0-b1751.21-8125866), built on Feb  2 2022 03:00:22 by "builder" with MS VC++ 14.0 (VS2015)

END.
